<?xml version="1.0" encoding="UTF-8"?>
<coverage generated="1658353074442" clover="3.2.0">
  <project timestamp="1658353074442" name="All files">
    <metrics statements="480" coveredstatements="470" conditionals="255" coveredconditionals="221" methods="120" coveredmethods="116" elements="855" coveredelements="807" complexity="0" loc="480" ncloc="480" packages="2" files="11" classes="11"/>
    <package name="src">
      <metrics statements="473" coveredstatements="463" conditionals="255" coveredconditionals="221" methods="120" coveredmethods="116"/>
      <file name="astar.js" path="/data/ubuntu/dimitris/git/javascript/battlesnake-js/src/astar.js">
        <metrics statements="31" coveredstatements="30" conditionals="10" coveredconditionals="8" methods="6" coveredmethods="6"/>
        <line num="1" count="3" type="stmt"/>
        <line num="4" count="14" type="stmt"/>
        <line num="5" count="14" type="stmt"/>
        <line num="6" count="35" type="stmt"/>
        <line num="7" count="35" type="stmt"/>
        <line num="9" count="14" type="stmt"/>
        <line num="23" count="14" type="stmt"/>
        <line num="24" count="14" type="stmt"/>
        <line num="25" count="14" type="stmt"/>
        <line num="26" count="14" type="stmt"/>
        <line num="27" count="14" type="stmt"/>
        <line num="28" count="14" type="stmt"/>
        <line num="30" count="316" type="cond" truecount="2" falsecount="0"/>
        <line num="31" count="121" type="cond" truecount="1" falsecount="1"/>
        <line num="32" count="121" type="stmt"/>
        <line num="34" count="14" type="stmt"/>
        <line num="36" count="14" type="stmt"/>
        <line num="37" count="61" type="stmt"/>
        <line num="39" count="61" type="cond" truecount="2" falsecount="0"/>
        <line num="40" count="14" type="stmt"/>
        <line num="42" count="47" type="stmt"/>
        <line num="44" count="47" type="stmt"/>
        <line num="45" count="158" type="stmt"/>
        <line num="46" count="158" type="cond" truecount="2" falsecount="0"/>
        <line num="47" count="107" type="stmt"/>
        <line num="48" count="107" type="stmt"/>
        <line num="49" count="107" type="stmt"/>
        <line num="50" count="107" type="cond" truecount="1" falsecount="1"/>
        <line num="51" count="107" type="stmt"/>
        <line num="57" count="0" type="stmt"/>
        <line num="60" count="3" type="stmt"/>
      </file>
      <file name="battlesnake_astar.js" path="/data/ubuntu/dimitris/git/javascript/battlesnake-js/src/battlesnake_astar.js">
        <metrics statements="29" coveredstatements="29" conditionals="13" coveredconditionals="13" methods="9" coveredmethods="9"/>
        <line num="1" count="2" type="stmt"/>
        <line num="2" count="2" type="stmt"/>
        <line num="8" count="44" type="stmt"/>
        <line num="9" count="44" type="stmt"/>
        <line num="10" count="44" type="stmt"/>
        <line num="16" count="176" type="cond" truecount="2" falsecount="0"/>
        <line num="23" count="152" type="stmt"/>
        <line num="26" count="44" type="stmt"/>
        <line num="29" count="12" type="stmt"/>
        <line num="33" count="37" type="stmt"/>
        <line num="34" count="37" type="stmt"/>
        <line num="35" count="37" type="cond" truecount="2" falsecount="0"/>
        <line num="36" count="26" type="cond" truecount="2" falsecount="0"/>
        <line num="37" count="20" type="cond" truecount="2" falsecount="0"/>
        <line num="38" count="1" type="stmt"/>
        <line num="42" count="13" type="stmt"/>
        <line num="43" count="13" type="stmt"/>
        <line num="44" count="37" type="stmt"/>
        <line num="46" count="13" type="stmt"/>
        <line num="58" count="12" type="stmt"/>
        <line num="60" count="12" type="stmt"/>
        <line num="61" count="12" type="stmt"/>
        <line num="63" count="12" type="stmt"/>
        <line num="64" count="114" type="stmt"/>
        <line num="65" count="12" type="stmt"/>
        <line num="67" count="152" type="stmt"/>
        <line num="69" count="12" type="stmt"/>
        <line num="70" count="45" type="stmt"/>
        <line num="73" count="2" type="stmt"/>
      </file>
      <file name="bitmatrix.js" path="/data/ubuntu/dimitris/git/javascript/battlesnake-js/src/bitmatrix.js">
        <metrics statements="22" coveredstatements="19" conditionals="3" coveredconditionals="3" methods="7" coveredmethods="6"/>
        <line num="3" count="654731" type="stmt"/>
        <line num="4" count="654731" type="stmt"/>
        <line num="5" count="654731" type="stmt"/>
        <line num="9" count="846071" type="stmt"/>
        <line num="10" count="846071" type="stmt"/>
        <line num="11" count="846071" type="stmt"/>
        <line num="15" count="0" type="stmt"/>
        <line num="16" count="0" type="stmt"/>
        <line num="17" count="0" type="stmt"/>
        <line num="21" count="381" type="stmt"/>
        <line num="22" count="381" type="stmt"/>
        <line num="26" count="586454" type="stmt"/>
        <line num="27" count="586454" type="stmt"/>
        <line num="31" count="644534" type="stmt"/>
        <line num="32" count="644534" type="stmt"/>
        <line num="36" count="9" type="stmt"/>
        <line num="37" count="9" type="stmt"/>
        <line num="38" count="57" type="stmt"/>
        <line num="39" count="381" type="cond" truecount="2" falsecount="0"/>
        <line num="41" count="57" type="stmt"/>
        <line num="43" count="9" type="stmt"/>
        <line num="48" count="3" type="stmt"/>
      </file>
      <file name="boardfill.js" path="/data/ubuntu/dimitris/git/javascript/battlesnake-js/src/boardfill.js">
        <metrics statements="20" coveredstatements="20" conditionals="5" coveredconditionals="5" methods="7" coveredmethods="7"/>
        <line num="1" count="2" type="stmt"/>
        <line num="2" count="2" type="stmt"/>
        <line num="6" count="8078" type="stmt"/>
        <line num="7" count="8078" type="stmt"/>
        <line num="8" count="8078" type="stmt"/>
        <line num="9" count="8078" type="stmt"/>
        <line num="10" count="8078" type="stmt"/>
        <line num="14" count="785750" type="stmt"/>
        <line num="15" count="785750" type="stmt"/>
        <line num="16" count="785750" type="stmt"/>
        <line num="26" count="194418" type="stmt"/>
        <line num="27" count="194418" type="stmt"/>
        <line num="31" count="586084" type="stmt"/>
        <line num="35" count="8078" type="stmt"/>
        <line num="39" count="8078" type="stmt"/>
        <line num="44" count="8074" type="stmt"/>
        <line num="45" count="8074" type="stmt"/>
        <line num="46" count="8074" type="stmt"/>
        <line num="47" count="8074" type="stmt"/>
        <line num="50" count="2" type="stmt"/>
      </file>
      <file name="bs_info.js" path="/data/ubuntu/dimitris/git/javascript/battlesnake-js/src/bs_info.js">
        <metrics statements="7" coveredstatements="6" conditionals="2" coveredconditionals="2" methods="4" coveredmethods="3"/>
        <line num="4" count="0" type="stmt"/>
        <line num="8" count="1" type="stmt"/>
        <line num="9" count="1" type="stmt"/>
        <line num="17" count="1" type="stmt"/>
        <line num="21" count="1" type="stmt"/>
        <line num="25" count="1" type="stmt"/>
        <line num="28" count="1" type="stmt"/>
      </file>
      <file name="floodfill.js" path="/data/ubuntu/dimitris/git/javascript/battlesnake-js/src/floodfill.js">
        <metrics statements="9" coveredstatements="9" conditionals="4" coveredconditionals="4" methods="2" coveredmethods="2"/>
        <line num="3" count="8078" type="stmt"/>
        <line num="7" count="785750" type="cond" truecount="2" falsecount="0"/>
        <line num="8" count="586084" type="cond" truecount="2" falsecount="0"/>
        <line num="9" count="194418" type="stmt"/>
        <line num="11" count="194418" type="stmt"/>
        <line num="12" count="194418" type="stmt"/>
        <line num="13" count="194418" type="stmt"/>
        <line num="14" count="194418" type="stmt"/>
        <line num="19" count="2" type="stmt"/>
      </file>
      <file name="logic.js" path="/data/ubuntu/dimitris/git/javascript/battlesnake-js/src/logic.js">
        <metrics statements="306" coveredstatements="301" conditionals="190" coveredconditionals="160" methods="63" coveredmethods="61"/>
        <line num="1" count="1" type="stmt"/>
        <line num="2" count="1" type="stmt"/>
        <line num="3" count="1" type="stmt"/>
        <line num="4" count="1" type="stmt"/>
        <line num="5" count="1" type="stmt"/>
        <line num="7" count="1" type="stmt"/>
        <line num="21" count="1" type="stmt"/>
        <line num="24" count="176" type="cond" truecount="4" falsecount="0"/>
        <line num="25" count="176" type="cond" truecount="3" falsecount="1"/>
        <line num="26" count="176" type="cond" truecount="4" falsecount="0"/>
        <line num="27" count="176" type="cond" truecount="4" falsecount="0"/>
        <line num="31" count="149" type="stmt"/>
        <line num="37" count="149" type="stmt"/>
        <line num="39" count="149" type="stmt"/>
        <line num="40" count="225" type="cond" truecount="2" falsecount="0"/>
        <line num="41" count="44" type="stmt"/>
        <line num="43" count="149" type="stmt"/>
        <line num="44" count="44" type="stmt"/>
        <line num="45" count="44" type="stmt"/>
        <line num="46" count="44" type="stmt"/>
        <line num="47" count="44" type="stmt"/>
        <line num="48" count="44" type="stmt"/>
        <line num="49" count="44" type="stmt"/>
        <line num="51" count="149" type="stmt"/>
        <line num="55" count="32" type="stmt"/>
        <line num="61" count="32" type="cond" truecount="2" falsecount="0"/>
        <line num="62" count="32" type="cond" truecount="2" falsecount="0"/>
        <line num="63" count="32" type="cond" truecount="2" falsecount="0"/>
        <line num="64" count="32" type="cond" truecount="2" falsecount="0"/>
        <line num="66" count="32" type="stmt"/>
        <line num="70" count="18716" type="stmt"/>
        <line num="71" count="18716" type="stmt"/>
        <line num="72" count="18716" type="stmt"/>
        <line num="82" count="4703" type="stmt"/>
        <line num="94" count="2247" type="stmt"/>
        <line num="98" count="29334" type="stmt"/>
        <line num="99" count="29334" type="stmt"/>
        <line num="101" count="29334" type="cond" truecount="4" falsecount="1"/>
        <line num="103" count="7522" type="stmt"/>
        <line num="104" count="7522" type="stmt"/>
        <line num="106" count="7346" type="stmt"/>
        <line num="107" count="7346" type="stmt"/>
        <line num="109" count="7093" type="stmt"/>
        <line num="110" count="7093" type="stmt"/>
        <line num="112" count="7373" type="stmt"/>
        <line num="113" count="7373" type="stmt"/>
        <line num="117" count="29334" type="stmt"/>
        <line num="121" count="2978" type="cond" truecount="2" falsecount="0"/>
        <line num="122" count="2962" type="stmt"/>
        <line num="125" count="16" type="stmt"/>
        <line num="126" count="26" type="stmt"/>
        <line num="129" count="2978" type="stmt"/>
        <line num="130" count="2978" type="stmt"/>
        <line num="134" count="1953" type="stmt"/>
        <line num="137" count="130059" type="cond" truecount="2" falsecount="0"/>
        <line num="141" count="1953" type="stmt"/>
        <line num="142" count="3008" type="stmt"/>
        <line num="145" count="1953" type="stmt"/>
        <line num="147" count="1953" type="stmt"/>
        <line num="148" count="3008" type="stmt"/>
        <line num="150" count="1953" type="stmt"/>
        <line num="151" count="1025" type="stmt"/>
        <line num="155" count="1953" type="stmt"/>
        <line num="156" count="1055" type="stmt"/>
        <line num="157" count="1085" type="cond" truecount="2" falsecount="0"/>
        <line num="158" count="18" type="cond" truecount="2" falsecount="0"/>
        <line num="159" count="8" type="stmt"/>
        <line num="161" count="18" type="cond" truecount="1" falsecount="1"/>
        <line num="162" count="18" type="stmt"/>
        <line num="168" count="1953" type="stmt"/>
        <line num="169" count="1953" type="cond" truecount="1" falsecount="1"/>
        <line num="170" count="1953" type="stmt"/>
        <line num="171" count="1953" type="stmt"/>
        <line num="175" count="1953" type="stmt"/>
        <line num="176" count="1953" type="stmt"/>
        <line num="177" count="286" type="cond" truecount="2" falsecount="0"/>
        <line num="180" count="1953" type="stmt"/>
        <line num="182" count="1953" type="stmt"/>
        <line num="190" count="1953" type="stmt"/>
        <line num="201" count="5549" type="stmt"/>
        <line num="202" count="8035" type="stmt"/>
        <line num="205" count="5549" type="cond" truecount="2" falsecount="0"/>
        <line num="206" count="2456" type="stmt"/>
        <line num="207" count="2456" type="stmt"/>
        <line num="209" count="2456" type="stmt"/>
        <line num="210" count="2456" type="stmt"/>
        <line num="212" count="2456" type="cond" truecount="2" falsecount="0"/>
        <line num="213" count="1863" type="stmt"/>
        <line num="215" count="1863" type="stmt"/>
        <line num="216" count="1863" type="stmt"/>
        <line num="217" count="4046" type="stmt"/>
        <line num="218" count="4046" type="stmt"/>
        <line num="220" count="1863" type="stmt"/>
        <line num="222" count="1863" type="stmt"/>
        <line num="226" count="593" type="stmt"/>
        <line num="232" count="593" type="stmt"/>
        <line num="233" count="1023" type="stmt"/>
        <line num="235" count="1023" type="stmt"/>
        <line num="236" count="1023" type="cond" truecount="2" falsecount="0"/>
        <line num="237" count="1015" type="stmt"/>
        <line num="240" count="1015" type="stmt"/>
        <line num="242" count="8" type="stmt"/>
        <line num="246" count="593" type="stmt"/>
        <line num="249" count="3093" type="cond" truecount="2" falsecount="0"/>
        <line num="250" count="2165" type="stmt"/>
        <line num="253" count="928" type="stmt"/>
        <line num="255" count="928" type="stmt"/>
        <line num="256" count="928" type="stmt"/>
        <line num="258" count="928" type="stmt"/>
        <line num="262" count="2095" type="stmt"/>
        <line num="263" count="2095" type="stmt"/>
        <line num="265" count="2095" type="stmt"/>
        <line num="267" count="2095" type="stmt"/>
        <line num="268" count="2095" type="stmt"/>
        <line num="269" count="5549" type="stmt"/>
        <line num="271" count="5549" type="stmt"/>
        <line num="272" count="8035" type="stmt"/>
        <line num="273" count="2486" type="stmt"/>
        <line num="275" count="5549" type="stmt"/>
        <line num="280" count="5549" type="stmt"/>
        <line num="283" count="2095" type="stmt"/>
        <line num="289" count="152" type="stmt"/>
        <line num="297" count="152" type="stmt"/>
        <line num="298" count="152" type="stmt"/>
        <line num="300" count="152" type="stmt"/>
        <line num="302" count="152" type="cond" truecount="2" falsecount="0"/>
        <line num="303" count="49" type="stmt"/>
        <line num="304" count="49" type="stmt"/>
        <line num="306" count="49" type="stmt"/>
        <line num="307" count="49" type="cond" truecount="1" falsecount="1"/>
        <line num="313" count="49" type="stmt"/>
        <line num="314" count="49" type="stmt"/>
        <line num="316" count="49" type="cond" truecount="2" falsecount="0"/>
        <line num="317" count="36" type="stmt"/>
        <line num="318" count="36" type="stmt"/>
        <line num="320" count="70" type="stmt"/>
        <line num="325" count="36" type="stmt"/>
        <line num="326" count="106" type="stmt"/>
        <line num="333" count="36" type="stmt"/>
        <line num="334" count="36" type="stmt"/>
        <line num="335" count="36" type="stmt"/>
        <line num="341" count="116" type="stmt"/>
        <line num="342" count="464" type="stmt"/>
        <line num="348" count="116" type="cond" truecount="2" falsecount="0"/>
        <line num="352" count="10" type="stmt"/>
        <line num="353" count="0" type="cond" truecount="0" falsecount="2"/>
        <line num="355" count="10" type="stmt"/>
        <line num="357" count="116" type="stmt"/>
        <line num="361" count="127" type="stmt"/>
        <line num="362" count="127" type="cond" truecount="2" falsecount="0"/>
        <line num="363" count="148" type="stmt"/>
        <line num="365" count="110" type="stmt"/>
        <line num="367" count="127" type="cond" truecount="2" falsecount="0"/>
        <line num="368" count="137" type="stmt"/>
        <line num="370" count="90" type="stmt"/>
        <line num="372" count="127" type="cond" truecount="2" falsecount="0"/>
        <line num="373" count="107" type="stmt"/>
        <line num="375" count="20" type="stmt"/>
        <line num="379" count="149" type="cond" truecount="2" falsecount="0"/>
        <line num="380" count="146" type="stmt"/>
        <line num="383" count="4" type="stmt"/>
        <line num="385" count="4" type="stmt"/>
        <line num="386" count="3" type="stmt"/>
        <line num="387" count="3" type="cond" truecount="1" falsecount="1"/>
        <line num="388" count="3" type="stmt"/>
        <line num="393" count="11" type="stmt"/>
        <line num="395" count="11" type="stmt"/>
        <line num="399" count="5" type="stmt"/>
        <line num="400" count="8" type="cond" truecount="2" falsecount="0"/>
        <line num="401" count="2" type="stmt"/>
        <line num="402" count="5" type="stmt"/>
        <line num="404" count="2" type="stmt"/>
        <line num="415" count="7" type="cond" truecount="1" falsecount="1"/>
        <line num="416" count="7" type="stmt"/>
        <line num="422" count="149" type="stmt"/>
        <line num="429" count="149" type="stmt"/>
        <line num="430" count="149" type="stmt"/>
        <line num="432" count="149" type="stmt"/>
        <line num="433" count="149" type="stmt"/>
        <line num="434" count="149" type="stmt"/>
        <line num="436" count="149" type="cond" truecount="1" falsecount="1"/>
        <line num="437" count="149" type="stmt"/>
        <line num="438" count="225" type="stmt"/>
        <line num="439" count="76" type="stmt"/>
        <line num="441" count="149" type="stmt"/>
        <line num="443" count="5" type="stmt"/>
        <line num="448" count="149" type="stmt"/>
        <line num="458" count="149" type="stmt"/>
        <line num="464" count="0" type="stmt"/>
        <line num="471" count="149" type="cond" truecount="2" falsecount="0"/>
        <line num="473" count="3" type="stmt"/>
        <line num="476" count="149" type="stmt"/>
        <line num="480" count="90" type="stmt"/>
        <line num="481" count="150" type="stmt"/>
        <line num="482" count="210" type="cond" truecount="2" falsecount="0"/>
        <line num="485" count="32" type="stmt"/>
        <line num="489" count="152" type="stmt"/>
        <line num="490" count="152" type="stmt"/>
        <line num="491" count="152" type="stmt"/>
        <line num="492" count="152" type="stmt"/>
        <line num="493" count="152" type="cond" truecount="2" falsecount="0"/>
        <line num="513" count="12" type="cond" truecount="2" falsecount="0"/>
        <line num="514" count="2" type="cond" truecount="1" falsecount="1"/>
        <line num="515" count="2" type="stmt"/>
        <line num="517" count="10" type="cond" truecount="1" falsecount="1"/>
        <line num="518" count="10" type="cond" truecount="1" falsecount="1"/>
        <line num="519" count="10" type="stmt"/>
        <line num="522" count="140" type="cond" truecount="2" falsecount="0"/>
        <line num="542" count="20" type="cond" truecount="2" falsecount="0"/>
        <line num="543" count="10" type="cond" truecount="1" falsecount="1"/>
        <line num="544" count="10" type="stmt"/>
        <line num="546" count="10" type="cond" truecount="1" falsecount="1"/>
        <line num="547" count="10" type="cond" truecount="1" falsecount="1"/>
        <line num="548" count="10" type="stmt"/>
        <line num="552" count="120" type="stmt"/>
        <line num="556" count="149" type="stmt"/>
        <line num="557" count="225" type="stmt"/>
        <line num="559" count="149" type="stmt"/>
        <line num="561" count="149" type="stmt"/>
        <line num="562" count="76" type="stmt"/>
        <line num="567" count="76" type="cond" truecount="2" falsecount="0"/>
        <line num="570" count="118" type="stmt"/>
        <line num="574" count="149" type="stmt"/>
        <line num="575" count="225" type="stmt"/>
        <line num="577" count="149" type="stmt"/>
        <line num="579" count="149" type="stmt"/>
        <line num="580" count="76" type="stmt"/>
        <line num="585" count="76" type="cond" truecount="2" falsecount="0"/>
        <line num="586" count="1" type="cond" truecount="1" falsecount="3"/>
        <line num="589" count="1" type="cond" truecount="1" falsecount="1"/>
        <line num="592" count="0" type="cond" truecount="0" falsecount="2"/>
        <line num="597" count="148" type="stmt"/>
        <line num="601" count="2114" type="stmt"/>
        <line num="605" count="2114" type="stmt"/>
        <line num="606" count="2000" type="stmt"/>
        <line num="609" count="2114" type="stmt"/>
        <line num="610" count="3253" type="stmt"/>
        <line num="615" count="3227" type="stmt"/>
        <line num="616" count="5119" type="stmt"/>
        <line num="623" count="1" type="stmt"/>
        <line num="626" count="30" type="stmt"/>
        <line num="630" count="2979" type="stmt"/>
        <line num="634" count="149" type="stmt"/>
        <line num="635" count="149" type="stmt"/>
        <line num="637" count="149" type="stmt"/>
        <line num="638" count="149" type="stmt"/>
        <line num="646" count="149" type="stmt"/>
        <line num="647" count="149" type="stmt"/>
        <line num="648" count="225" type="stmt"/>
        <line num="650" count="149" type="stmt"/>
        <line num="652" count="149" type="stmt"/>
        <line num="654" count="149" type="stmt"/>
        <line num="656" count="149" type="stmt"/>
        <line num="658" count="596" type="cond" truecount="2" falsecount="0"/>
        <line num="662" count="149" type="cond" truecount="2" falsecount="0"/>
        <line num="666" count="149" type="cond" truecount="2" falsecount="0"/>
        <line num="667" count="149" type="stmt"/>
        <line num="668" count="149" type="stmt"/>
        <line num="669" count="149" type="stmt"/>
        <line num="671" count="149" type="cond" truecount="2" falsecount="0"/>
        <line num="672" count="32" type="stmt"/>
        <line num="675" count="32" type="stmt"/>
        <line num="676" count="32" type="stmt"/>
        <line num="677" count="32" type="stmt"/>
        <line num="678" count="32" type="stmt"/>
        <line num="680" count="128" type="cond" truecount="3" falsecount="0"/>
        <line num="687" count="149" type="stmt"/>
        <line num="690" count="149" type="stmt"/>
        <line num="692" count="596" type="cond" truecount="3" falsecount="0"/>
        <line num="697" count="149" type="stmt"/>
        <line num="698" count="149" type="stmt"/>
        <line num="699" count="149" type="stmt"/>
        <line num="700" count="149" type="stmt"/>
        <line num="701" count="149" type="stmt"/>
        <line num="703" count="149" type="stmt"/>
        <line num="704" count="149" type="stmt"/>
        <line num="705" count="149" type="stmt"/>
        <line num="707" count="149" type="cond" truecount="1" falsecount="1"/>
        <line num="708" count="149" type="stmt"/>
        <line num="711" count="149" type="cond" truecount="1" falsecount="1"/>
        <line num="712" count="149" type="stmt"/>
        <line num="714" count="149" type="cond" truecount="4" falsecount="0"/>
        <line num="715" count="27" type="stmt"/>
        <line num="716" count="27" type="stmt"/>
        <line num="718" count="122" type="stmt"/>
        <line num="721" count="149" type="cond" truecount="4" falsecount="0"/>
        <line num="722" count="1" type="stmt"/>
        <line num="723" count="1" type="stmt"/>
        <line num="724" count="148" type="cond" truecount="4" falsecount="0"/>
        <line num="725" count="31" type="stmt"/>
        <line num="726" count="31" type="stmt"/>
        <line num="727" count="31" type="stmt"/>
        <line num="728" count="117" type="cond" truecount="2" falsecount="0"/>
        <line num="732" count="3" type="stmt"/>
        <line num="733" count="114" type="cond" truecount="2" falsecount="2"/>
        <line num="734" count="0" type="stmt"/>
        <line num="735" count="114" type="cond" truecount="1" falsecount="1"/>
        <line num="736" count="0" type="stmt"/>
        <line num="738" count="114" type="stmt"/>
        <line num="741" count="149" type="cond" truecount="2" falsecount="0"/>
        <line num="742" count="10" type="stmt"/>
        <line num="743" count="10" type="stmt"/>
        <line num="746" count="149" type="stmt"/>
        <line num="750" count="149" type="stmt"/>
        <line num="751" count="149" type="stmt"/>
        <line num="754" count="1" type="stmt"/>
      </file>
      <file name="priorityqueue.js" path="/data/ubuntu/dimitris/git/javascript/battlesnake-js/src/priorityqueue.js">
        <metrics statements="17" coveredstatements="17" conditionals="8" coveredconditionals="6" methods="7" coveredmethods="7"/>
        <line num="3" count="16" type="stmt"/>
        <line num="7" count="65" type="stmt"/>
        <line num="11" count="122" type="stmt"/>
        <line num="12" count="122" type="stmt"/>
        <line num="13" count="122" type="stmt"/>
        <line num="14" count="260" type="cond" truecount="2" falsecount="0"/>
        <line num="15" count="34" type="stmt"/>
        <line num="16" count="34" type="stmt"/>
        <line num="17" count="34" type="stmt"/>
        <line num="20" count="122" type="cond" truecount="2" falsecount="0"/>
        <line num="21" count="88" type="stmt"/>
        <line num="26" count="48" type="cond" truecount="1" falsecount="1"/>
        <line num="27" count="48" type="stmt"/>
        <line num="32" count="62" type="cond" truecount="1" falsecount="1"/>
        <line num="33" count="62" type="stmt"/>
        <line num="38" count="348" type="stmt"/>
        <line num="42" count="4" type="stmt"/>
      </file>
      <file name="process_ffdata.js" path="/data/ubuntu/dimitris/git/javascript/battlesnake-js/src/process_ffdata.js">
        <metrics statements="24" coveredstatements="24" conditionals="18" coveredconditionals="18" methods="9" coveredmethods="9"/>
        <line num="1" count="2" type="stmt"/>
        <line num="4" count="158" type="stmt"/>
        <line num="8" count="52" type="stmt"/>
        <line num="12" count="210" type="stmt"/>
        <line num="13" count="210" type="stmt"/>
        <line num="15" count="210" type="stmt"/>
        <line num="16" count="536" type="stmt"/>
        <line num="19" count="210" type="stmt"/>
        <line num="24" count="5482" type="cond" truecount="2" falsecount="0"/>
        <line num="25" count="7968" type="stmt"/>
        <line num="26" count="3984" type="cond" truecount="2" falsecount="0"/>
        <line num="29" count="1498" type="cond" truecount="2" falsecount="0"/>
        <line num="30" count="238" type="stmt"/>
        <line num="33" count="1260" type="stmt"/>
        <line num="34" count="1260" type="cond" truecount="2" falsecount="0"/>
        <line num="35" count="92" type="cond" truecount="2" falsecount="0"/>
        <line num="38" count="2204" type="stmt"/>
        <line num="40" count="1168" type="cond" truecount="2" falsecount="0"/>
        <line num="44" count="2204" type="stmt"/>
        <line num="45" count="2204" type="cond" truecount="2" falsecount="0"/>
        <line num="46" count="102" type="cond" truecount="2" falsecount="0"/>
        <line num="48" count="4946" type="stmt"/>
        <line num="50" count="2102" type="cond" truecount="2" falsecount="0"/>
        <line num="54" count="2" type="stmt"/>
      </file>
      <file name="util.js" path="/data/ubuntu/dimitris/git/javascript/battlesnake-js/src/util.js">
        <metrics statements="8" coveredstatements="8" conditionals="2" coveredconditionals="2" methods="6" coveredmethods="6"/>
        <line num="2" count="152" type="stmt"/>
        <line num="6" count="185" type="stmt"/>
        <line num="10" count="332" type="stmt"/>
        <line num="11" count="332" type="stmt"/>
        <line num="12" count="332" type="stmt"/>
        <line num="16" count="19304" type="stmt"/>
        <line num="20" count="1648" type="cond" truecount="2" falsecount="0"/>
        <line num="23" count="3" type="stmt"/>
      </file>
    </package>
    <package name="test">
      <metrics statements="7" coveredstatements="7" conditionals="0" coveredconditionals="0" methods="0" coveredmethods="0"/>
      <file name="test_json.js" path="/data/ubuntu/dimitris/git/javascript/battlesnake-js/test/test_json.js">
        <metrics statements="7" coveredstatements="7" conditionals="0" coveredconditionals="0" methods="0" coveredmethods="0"/>
        <line num="1" count="1" type="stmt"/>
        <line num="586" count="1" type="stmt"/>
        <line num="680" count="1" type="stmt"/>
        <line num="812" count="1" type="stmt"/>
        <line num="914" count="1" type="stmt"/>
        <line num="1004" count="1" type="stmt"/>
        <line num="1246" count="1" type="stmt"/>
      </file>
    </package>
  </project>
</coverage>
