{"/data/ubuntu/dimitris/git/javascript/battlesnake-js/src/astar.js": {"path":"/data/ubuntu/dimitris/git/javascript/battlesnake-js/src/astar.js","statementMap":{"0":{"start":{"line":1,"column":26},"end":{"line":1,"column":52}},"1":{"start":{"line":4,"column":2},"end":{"line":4,"column":24}},"2":{"start":{"line":5,"column":2},"end":{"line":8,"column":3}},"3":{"start":{"line":6,"column":4},"end":{"line":6,"column":36}},"4":{"start":{"line":7,"column":4},"end":{"line":7,"column":31}},"5":{"start":{"line":9,"column":2},"end":{"line":9,"column":19}},"6":{"start":{"line":23,"column":2},"end":{"line":23,"column":32}},"7":{"start":{"line":24,"column":2},"end":{"line":24,"column":23}},"8":{"start":{"line":25,"column":2},"end":{"line":25,"column":21}},"9":{"start":{"line":26,"column":2},"end":{"line":26,"column":23}},"10":{"start":{"line":27,"column":2},"end":{"line":27,"column":21}},"11":{"start":{"line":28,"column":2},"end":{"line":28,"column":36}},"12":{"start":{"line":30,"column":20},"end":{"line":30,"column":69}},"13":{"start":{"line":30,"column":28},"end":{"line":30,"column":68}},"14":{"start":{"line":31,"column":20},"end":{"line":31,"column":69}},"15":{"start":{"line":31,"column":28},"end":{"line":31,"column":68}},"16":{"start":{"line":32,"column":23},"end":{"line":32,"column":58}},"17":{"start":{"line":32,"column":30},"end":{"line":32,"column":58}},"18":{"start":{"line":34,"column":2},"end":{"line":34,"column":22}},"19":{"start":{"line":36,"column":2},"end":{"line":55,"column":3}},"20":{"start":{"line":37,"column":4},"end":{"line":37,"column":30}},"21":{"start":{"line":39,"column":4},"end":{"line":41,"column":5}},"22":{"start":{"line":40,"column":6},"end":{"line":40,"column":48}},"23":{"start":{"line":42,"column":4},"end":{"line":42,"column":22}},"24":{"start":{"line":44,"column":4},"end":{"line":54,"column":7}},"25":{"start":{"line":45,"column":6},"end":{"line":45,"column":66}},"26":{"start":{"line":46,"column":6},"end":{"line":53,"column":7}},"27":{"start":{"line":47,"column":8},"end":{"line":47,"column":40}},"28":{"start":{"line":48,"column":8},"end":{"line":48,"column":46}},"29":{"start":{"line":49,"column":8},"end":{"line":49,"column":66}},"30":{"start":{"line":50,"column":8},"end":{"line":52,"column":9}},"31":{"start":{"line":51,"column":10},"end":{"line":51,"column":33}},"32":{"start":{"line":57,"column":2},"end":{"line":57,"column":12}},"33":{"start":{"line":60,"column":0},"end":{"line":62,"column":2}}},"fnMap":{"0":{"name":"reconstructPath","decl":{"start":{"line":3,"column":9},"end":{"line":3,"column":24}},"loc":{"start":{"line":3,"column":44},"end":{"line":10,"column":1}},"line":3},"1":{"name":"aStar","decl":{"start":{"line":22,"column":9},"end":{"line":22,"column":14}},"loc":{"start":{"line":22,"column":45},"end":{"line":58,"column":1}},"line":22},"2":{"name":"(anonymous_2)","decl":{"start":{"line":30,"column":20},"end":{"line":30,"column":21}},"loc":{"start":{"line":30,"column":28},"end":{"line":30,"column":68}},"line":30},"3":{"name":"(anonymous_3)","decl":{"start":{"line":31,"column":20},"end":{"line":31,"column":21}},"loc":{"start":{"line":31,"column":28},"end":{"line":31,"column":68}},"line":31},"4":{"name":"(anonymous_4)","decl":{"start":{"line":32,"column":23},"end":{"line":32,"column":24}},"loc":{"start":{"line":32,"column":30},"end":{"line":32,"column":58}},"line":32},"5":{"name":"(anonymous_5)","decl":{"start":{"line":44,"column":31},"end":{"line":44,"column":32}},"loc":{"start":{"line":44,"column":51},"end":{"line":54,"column":5}},"line":44}},"branchMap":{"0":{"loc":{"start":{"line":30,"column":28},"end":{"line":30,"column":68}},"type":"cond-expr","locations":[{"start":{"line":30,"column":44},"end":{"line":30,"column":57}},{"start":{"line":30,"column":60},"end":{"line":30,"column":68}}],"line":30},"1":{"loc":{"start":{"line":31,"column":28},"end":{"line":31,"column":68}},"type":"cond-expr","locations":[{"start":{"line":31,"column":44},"end":{"line":31,"column":57}},{"start":{"line":31,"column":60},"end":{"line":31,"column":68}}],"line":31},"2":{"loc":{"start":{"line":39,"column":4},"end":{"line":41,"column":5}},"type":"if","locations":[{"start":{"line":39,"column":4},"end":{"line":41,"column":5}},{"start":{"line":39,"column":4},"end":{"line":41,"column":5}}],"line":39},"3":{"loc":{"start":{"line":46,"column":6},"end":{"line":53,"column":7}},"type":"if","locations":[{"start":{"line":46,"column":6},"end":{"line":53,"column":7}},{"start":{"line":46,"column":6},"end":{"line":53,"column":7}}],"line":46},"4":{"loc":{"start":{"line":50,"column":8},"end":{"line":52,"column":9}},"type":"if","locations":[{"start":{"line":50,"column":8},"end":{"line":52,"column":9}},{"start":{"line":50,"column":8},"end":{"line":52,"column":9}}],"line":50}},"s":{"0":3,"1":14,"2":14,"3":35,"4":35,"5":14,"6":14,"7":14,"8":14,"9":14,"10":14,"11":14,"12":14,"13":316,"14":14,"15":121,"16":14,"17":121,"18":14,"19":14,"20":61,"21":61,"22":14,"23":47,"24":47,"25":158,"26":158,"27":107,"28":107,"29":107,"30":107,"31":107,"32":0,"33":3},"f":{"0":14,"1":14,"2":316,"3":121,"4":121,"5":158},"b":{"0":[209,107],"1":[121,0],"2":[14,47],"3":[107,51],"4":[107,0]},"_coverageSchema":"1a1c01bbd47fc00a2c39e90264f33305004495a9","hash":"ca61d5c5c0e371e7ea48b68607dc2e174cacc9ab"}
,"/data/ubuntu/dimitris/git/javascript/battlesnake-js/src/battlesnake_astar.js": {"path":"/data/ubuntu/dimitris/git/javascript/battlesnake-js/src/battlesnake_astar.js","statementMap":{"0":{"start":{"line":1,"column":49},"end":{"line":1,"column":71}},"1":{"start":{"line":2,"column":18},"end":{"line":2,"column":41}},"2":{"start":{"line":8,"column":18},"end":{"line":8,"column":47}},"3":{"start":{"line":9,"column":16},"end":{"line":9,"column":18}},"4":{"start":{"line":10,"column":4},"end":{"line":25,"column":7}},"5":{"start":{"line":16,"column":6},"end":{"line":24,"column":7}},"6":{"start":{"line":23,"column":8},"end":{"line":23,"column":67}},"7":{"start":{"line":26,"column":4},"end":{"line":26,"column":17}},"8":{"start":{"line":29,"column":2},"end":{"line":29,"column":19}},"9":{"start":{"line":33,"column":13},"end":{"line":33,"column":26}},"10":{"start":{"line":34,"column":13},"end":{"line":34,"column":26}},"11":{"start":{"line":35,"column":2},"end":{"line":35,"column":29}},"12":{"start":{"line":35,"column":14},"end":{"line":35,"column":29}},"13":{"start":{"line":36,"column":2},"end":{"line":36,"column":28}},"14":{"start":{"line":36,"column":14},"end":{"line":36,"column":28}},"15":{"start":{"line":37,"column":2},"end":{"line":37,"column":26}},"16":{"start":{"line":37,"column":14},"end":{"line":37,"column":26}},"17":{"start":{"line":38,"column":2},"end":{"line":38,"column":16}},"18":{"start":{"line":42,"column":14},"end":{"line":42,"column":16}},"19":{"start":{"line":43,"column":2},"end":{"line":45,"column":3}},"20":{"start":{"line":43,"column":15},"end":{"line":43,"column":16}},"21":{"start":{"line":44,"column":4},"end":{"line":44,"column":49}},"22":{"start":{"line":46,"column":2},"end":{"line":46,"column":15}},"23":{"start":{"line":58,"column":16},"end":{"line":58,"column":28}},"24":{"start":{"line":60,"column":16},"end":{"line":60,"column":47}},"25":{"start":{"line":61,"column":15},"end":{"line":61,"column":45}},"26":{"start":{"line":63,"column":12},"end":{"line":64,"column":63}},"27":{"start":{"line":64,"column":4},"end":{"line":64,"column":63}},"28":{"start":{"line":65,"column":20},"end":{"line":65,"column":43}},"29":{"start":{"line":67,"column":12},"end":{"line":67,"column":25}},"30":{"start":{"line":67,"column":24},"end":{"line":67,"column":25}},"31":{"start":{"line":69,"column":2},"end":{"line":69,"column":47}},"32":{"start":{"line":70,"column":2},"end":{"line":70,"column":67}},"33":{"start":{"line":70,"column":42},"end":{"line":70,"column":64}},"34":{"start":{"line":73,"column":0},"end":{"line":76,"column":2}}},"fnMap":{"0":{"name":"matrixNeighbors","decl":{"start":{"line":4,"column":9},"end":{"line":4,"column":24}},"loc":{"start":{"line":4,"column":33},"end":{"line":30,"column":1}},"line":4},"1":{"name":"neighbors","decl":{"start":{"line":7,"column":11},"end":{"line":7,"column":20}},"loc":{"start":{"line":7,"column":24},"end":{"line":27,"column":3}},"line":7},"2":{"name":"(anonymous_2)","decl":{"start":{"line":15,"column":14},"end":{"line":15,"column":15}},"loc":{"start":{"line":15,"column":21},"end":{"line":25,"column":5}},"line":15},"3":{"name":"moveFromTo","decl":{"start":{"line":32,"column":9},"end":{"line":32,"column":19}},"loc":{"start":{"line":32,"column":30},"end":{"line":39,"column":1}},"line":32},"4":{"name":"coordsToMoves","decl":{"start":{"line":41,"column":9},"end":{"line":41,"column":22}},"loc":{"start":{"line":41,"column":29},"end":{"line":47,"column":1}},"line":41},"5":{"name":"bsAStar","decl":{"start":{"line":57,"column":9},"end":{"line":57,"column":16}},"loc":{"start":{"line":57,"column":48},"end":{"line":71,"column":1}},"line":57},"6":{"name":"(anonymous_6)","decl":{"start":{"line":63,"column":12},"end":{"line":63,"column":13}},"loc":{"start":{"line":64,"column":4},"end":{"line":64,"column":63}},"line":64},"7":{"name":"(anonymous_7)","decl":{"start":{"line":67,"column":12},"end":{"line":67,"column":13}},"loc":{"start":{"line":67,"column":24},"end":{"line":67,"column":25}},"line":67},"8":{"name":"(anonymous_8)","decl":{"start":{"line":70,"column":35},"end":{"line":70,"column":36}},"loc":{"start":{"line":70,"column":42},"end":{"line":70,"column":64}},"line":70}},"branchMap":{"0":{"loc":{"start":{"line":16,"column":6},"end":{"line":24,"column":7}},"type":"if","locations":[{"start":{"line":16,"column":6},"end":{"line":24,"column":7}},{"start":{"line":16,"column":6},"end":{"line":24,"column":7}}],"line":16},"1":{"loc":{"start":{"line":17,"column":8},"end":{"line":21,"column":28}},"type":"binary-expr","locations":[{"start":{"line":17,"column":8},"end":{"line":17,"column":16}},{"start":{"line":18,"column":8},"end":{"line":18,"column":26}},{"start":{"line":19,"column":8},"end":{"line":19,"column":16}},{"start":{"line":20,"column":8},"end":{"line":20,"column":27}},{"start":{"line":21,"column":8},"end":{"line":21,"column":28}}],"line":17},"2":{"loc":{"start":{"line":35,"column":2},"end":{"line":35,"column":29}},"type":"if","locations":[{"start":{"line":35,"column":2},"end":{"line":35,"column":29}},{"start":{"line":35,"column":2},"end":{"line":35,"column":29}}],"line":35},"3":{"loc":{"start":{"line":36,"column":2},"end":{"line":36,"column":28}},"type":"if","locations":[{"start":{"line":36,"column":2},"end":{"line":36,"column":28}},{"start":{"line":36,"column":2},"end":{"line":36,"column":28}}],"line":36},"4":{"loc":{"start":{"line":37,"column":2},"end":{"line":37,"column":26}},"type":"if","locations":[{"start":{"line":37,"column":2},"end":{"line":37,"column":26}},{"start":{"line":37,"column":2},"end":{"line":37,"column":26}}],"line":37}},"s":{"0":2,"1":2,"2":44,"3":44,"4":44,"5":176,"6":152,"7":44,"8":12,"9":37,"10":37,"11":37,"12":11,"13":26,"14":6,"15":20,"16":19,"17":1,"18":13,"19":13,"20":13,"21":37,"22":13,"23":12,"24":12,"25":12,"26":12,"27":114,"28":12,"29":12,"30":152,"31":12,"32":12,"33":45,"34":2},"f":{"0":12,"1":44,"2":176,"3":37,"4":13,"5":12,"6":114,"7":152,"8":45},"b":{"0":[152,24],"1":[176,172,167,165,160],"2":[11,26],"3":[6,20],"4":[19,1]},"_coverageSchema":"1a1c01bbd47fc00a2c39e90264f33305004495a9","hash":"734bc4c6f35348fc1bd6dad82deb8620e9523cc7"}
,"/data/ubuntu/dimitris/git/javascript/battlesnake-js/src/bitmatrix.js": {"path":"/data/ubuntu/dimitris/git/javascript/battlesnake-js/src/bitmatrix.js","statementMap":{"0":{"start":{"line":3,"column":4},"end":{"line":3,"column":23}},"1":{"start":{"line":4,"column":4},"end":{"line":4,"column":25}},"2":{"start":{"line":5,"column":4},"end":{"line":5,"column":21}},"3":{"start":{"line":9,"column":14},"end":{"line":9,"column":40}},"4":{"start":{"line":10,"column":4},"end":{"line":10,"column":25}},"5":{"start":{"line":11,"column":4},"end":{"line":11,"column":16}},"6":{"start":{"line":15,"column":14},"end":{"line":15,"column":40}},"7":{"start":{"line":16,"column":4},"end":{"line":16,"column":28}},"8":{"start":{"line":17,"column":4},"end":{"line":17,"column":16}},"9":{"start":{"line":21,"column":14},"end":{"line":21,"column":40}},"10":{"start":{"line":22,"column":4},"end":{"line":22,"column":33}},"11":{"start":{"line":26,"column":14},"end":{"line":26,"column":40}},"12":{"start":{"line":27,"column":4},"end":{"line":27,"column":41}},"13":{"start":{"line":31,"column":4},"end":{"line":31,"column":33}},"14":{"start":{"line":32,"column":4},"end":{"line":32,"column":16}},"15":{"start":{"line":36,"column":12},"end":{"line":36,"column":16}},"16":{"start":{"line":37,"column":4},"end":{"line":42,"column":5}},"17":{"start":{"line":37,"column":17},"end":{"line":37,"column":32}},"18":{"start":{"line":38,"column":6},"end":{"line":40,"column":7}},"19":{"start":{"line":38,"column":19},"end":{"line":38,"column":20}},"20":{"start":{"line":39,"column":8},"end":{"line":39,"column":54}},"21":{"start":{"line":41,"column":6},"end":{"line":41,"column":16}},"22":{"start":{"line":43,"column":4},"end":{"line":43,"column":13}},"23":{"start":{"line":48,"column":0},"end":{"line":50,"column":2}}},"fnMap":{"0":{"name":"(anonymous_0)","decl":{"start":{"line":2,"column":2},"end":{"line":2,"column":3}},"loc":{"start":{"line":2,"column":40},"end":{"line":6,"column":3}},"line":2},"1":{"name":"(anonymous_1)","decl":{"start":{"line":8,"column":2},"end":{"line":8,"column":3}},"loc":{"start":{"line":8,"column":12},"end":{"line":12,"column":3}},"line":8},"2":{"name":"(anonymous_2)","decl":{"start":{"line":14,"column":2},"end":{"line":14,"column":3}},"loc":{"start":{"line":14,"column":14},"end":{"line":18,"column":3}},"line":14},"3":{"name":"(anonymous_3)","decl":{"start":{"line":20,"column":2},"end":{"line":20,"column":3}},"loc":{"start":{"line":20,"column":12},"end":{"line":23,"column":3}},"line":20},"4":{"name":"(anonymous_4)","decl":{"start":{"line":25,"column":2},"end":{"line":25,"column":3}},"loc":{"start":{"line":25,"column":11},"end":{"line":28,"column":3}},"line":25},"5":{"name":"(anonymous_5)","decl":{"start":{"line":30,"column":2},"end":{"line":30,"column":3}},"loc":{"start":{"line":30,"column":10},"end":{"line":33,"column":3}},"line":30},"6":{"name":"(anonymous_6)","decl":{"start":{"line":35,"column":2},"end":{"line":35,"column":3}},"loc":{"start":{"line":35,"column":13},"end":{"line":44,"column":3}},"line":35}},"branchMap":{"0":{"loc":{"start":{"line":2,"column":29},"end":{"line":2,"column":38}},"type":"default-arg","locations":[{"start":{"line":2,"column":36},"end":{"line":2,"column":38}}],"line":2},"1":{"loc":{"start":{"line":39,"column":14},"end":{"line":39,"column":46}},"type":"cond-expr","locations":[{"start":{"line":39,"column":37},"end":{"line":39,"column":40}},{"start":{"line":39,"column":43},"end":{"line":39,"column":46}}],"line":39}},"s":{"0":654731,"1":654731,"2":654731,"3":846071,"4":846071,"5":846071,"6":0,"7":0,"8":0,"9":381,"10":381,"11":586454,"12":586454,"13":644534,"14":644534,"15":9,"16":9,"17":9,"18":57,"19":57,"20":381,"21":57,"22":9,"23":3},"f":{"0":654731,"1":846071,"2":0,"3":381,"4":586454,"5":644534,"6":9},"b":{"0":[654727],"1":[71,310]},"_coverageSchema":"1a1c01bbd47fc00a2c39e90264f33305004495a9","hash":"4f12a67a13d1776623c20f92627dfbc74a93305c"}
,"/data/ubuntu/dimitris/git/javascript/battlesnake-js/src/boardfill.js": {"path":"/data/ubuntu/dimitris/git/javascript/battlesnake-js/src/boardfill.js","statementMap":{"0":{"start":{"line":1,"column":22},"end":{"line":1,"column":49}},"1":{"start":{"line":2,"column":19},"end":{"line":2,"column":46}},"2":{"start":{"line":6,"column":4},"end":{"line":6,"column":23}},"3":{"start":{"line":7,"column":4},"end":{"line":7,"column":23}},"4":{"start":{"line":8,"column":4},"end":{"line":8,"column":19}},"5":{"start":{"line":9,"column":4},"end":{"line":9,"column":41}},"6":{"start":{"line":10,"column":4},"end":{"line":10,"column":59}},"7":{"start":{"line":14,"column":14},"end":{"line":14,"column":30}},"8":{"start":{"line":15,"column":14},"end":{"line":15,"column":31}},"9":{"start":{"line":16,"column":4},"end":{"line":22,"column":6}},"10":{"start":{"line":26,"column":4},"end":{"line":26,"column":41}},"11":{"start":{"line":27,"column":4},"end":{"line":27,"column":17}},"12":{"start":{"line":31,"column":4},"end":{"line":31,"column":47}},"13":{"start":{"line":35,"column":4},"end":{"line":35,"column":41}},"14":{"start":{"line":39,"column":4},"end":{"line":39,"column":22}},"15":{"start":{"line":44,"column":20},"end":{"line":44,"column":58}},"16":{"start":{"line":45,"column":2},"end":{"line":45,"column":19}},"17":{"start":{"line":46,"column":18},"end":{"line":46,"column":33}},"18":{"start":{"line":47,"column":2},"end":{"line":47,"column":17}},"19":{"start":{"line":50,"column":0},"end":{"line":53,"column":2}}},"fnMap":{"0":{"name":"(anonymous_0)","decl":{"start":{"line":5,"column":2},"end":{"line":5,"column":3}},"loc":{"start":{"line":5,"column":28},"end":{"line":11,"column":3}},"line":5},"1":{"name":"(anonymous_1)","decl":{"start":{"line":13,"column":2},"end":{"line":13,"column":3}},"loc":{"start":{"line":13,"column":16},"end":{"line":23,"column":3}},"line":13},"2":{"name":"(anonymous_2)","decl":{"start":{"line":25,"column":2},"end":{"line":25,"column":3}},"loc":{"start":{"line":25,"column":13},"end":{"line":28,"column":3}},"line":25},"3":{"name":"(anonymous_3)","decl":{"start":{"line":30,"column":2},"end":{"line":30,"column":3}},"loc":{"start":{"line":30,"column":15},"end":{"line":32,"column":3}},"line":30},"4":{"name":"(anonymous_4)","decl":{"start":{"line":34,"column":2},"end":{"line":34,"column":3}},"loc":{"start":{"line":34,"column":9},"end":{"line":36,"column":3}},"line":34},"5":{"name":"(anonymous_5)","decl":{"start":{"line":38,"column":2},"end":{"line":38,"column":3}},"loc":{"start":{"line":38,"column":8},"end":{"line":40,"column":3}},"line":38},"6":{"name":"getFloodFillSquares","decl":{"start":{"line":43,"column":9},"end":{"line":43,"column":28}},"loc":{"start":{"line":43,"column":47},"end":{"line":48,"column":1}},"line":43}},"branchMap":{"0":{"loc":{"start":{"line":17,"column":6},"end":{"line":21,"column":71}},"type":"binary-expr","locations":[{"start":{"line":17,"column":6},"end":{"line":17,"column":18}},{"start":{"line":18,"column":6},"end":{"line":18,"column":17}},{"start":{"line":19,"column":6},"end":{"line":19,"column":18}},{"start":{"line":20,"column":6},"end":{"line":20,"column":17}},{"start":{"line":21,"column":6},"end":{"line":21,"column":71}}],"line":17}},"s":{"0":2,"1":2,"2":8078,"3":8078,"4":8078,"5":8078,"6":8078,"7":785750,"8":785750,"9":785750,"10":194418,"11":194418,"12":586084,"13":8078,"14":8078,"15":8074,"16":8074,"17":8074,"18":8074,"19":2},"f":{"0":8078,"1":785750,"2":194418,"3":586084,"4":8078,"5":8078,"6":8074},"b":{"0":[785750,746196,707280,667606,629481]},"_coverageSchema":"1a1c01bbd47fc00a2c39e90264f33305004495a9","hash":"ef8a661a3cc39960c7f97238665aa4d8b3783cc4"}
,"/data/ubuntu/dimitris/git/javascript/battlesnake-js/src/bs_info.js": {"path":"/data/ubuntu/dimitris/git/javascript/battlesnake-js/src/bs_info.js","statementMap":{"0":{"start":{"line":4,"column":2},"end":{"line":4,"column":21}},"1":{"start":{"line":8,"column":2},"end":{"line":8,"column":22}},"2":{"start":{"line":9,"column":19},"end":{"line":16,"column":3}},"3":{"start":{"line":17,"column":2},"end":{"line":17,"column":18}},"4":{"start":{"line":21,"column":2},"end":{"line":21,"column":44}},"5":{"start":{"line":25,"column":2},"end":{"line":25,"column":44}},"6":{"start":{"line":28,"column":0},"end":{"line":33,"column":2}}},"fnMap":{"0":{"name":"setSnakeColor","decl":{"start":{"line":3,"column":9},"end":{"line":3,"column":22}},"loc":{"start":{"line":3,"column":30},"end":{"line":5,"column":1}},"line":3},"1":{"name":"info","decl":{"start":{"line":7,"column":9},"end":{"line":7,"column":13}},"loc":{"start":{"line":7,"column":16},"end":{"line":18,"column":1}},"line":7},"2":{"name":"start","decl":{"start":{"line":20,"column":9},"end":{"line":20,"column":14}},"loc":{"start":{"line":20,"column":26},"end":{"line":22,"column":1}},"line":20},"3":{"name":"end","decl":{"start":{"line":24,"column":9},"end":{"line":24,"column":12}},"loc":{"start":{"line":24,"column":24},"end":{"line":26,"column":1}},"line":24}},"branchMap":{"0":{"loc":{"start":{"line":12,"column":11},"end":{"line":12,"column":34}},"type":"binary-expr","locations":[{"start":{"line":12,"column":11},"end":{"line":12,"column":21}},{"start":{"line":12,"column":25},"end":{"line":12,"column":34}}],"line":12}},"s":{"0":0,"1":1,"2":1,"3":1,"4":1,"5":1,"6":1},"f":{"0":0,"1":1,"2":1,"3":1},"b":{"0":[1,1]},"_coverageSchema":"1a1c01bbd47fc00a2c39e90264f33305004495a9","hash":"1cab3ff3c7a4a41eb52f62c85082dcbe16fcd112"}
,"/data/ubuntu/dimitris/git/javascript/battlesnake-js/src/floodfill.js": {"path":"/data/ubuntu/dimitris/git/javascript/battlesnake-js/src/floodfill.js","statementMap":{"0":{"start":{"line":3,"column":4},"end":{"line":3,"column":29}},"1":{"start":{"line":7,"column":4},"end":{"line":7,"column":45}},"2":{"start":{"line":7,"column":38},"end":{"line":7,"column":45}},"3":{"start":{"line":8,"column":4},"end":{"line":8,"column":43}},"4":{"start":{"line":8,"column":36},"end":{"line":8,"column":43}},"5":{"start":{"line":9,"column":4},"end":{"line":9,"column":29}},"6":{"start":{"line":11,"column":4},"end":{"line":11,"column":51}},"7":{"start":{"line":12,"column":4},"end":{"line":12,"column":51}},"8":{"start":{"line":13,"column":4},"end":{"line":13,"column":51}},"9":{"start":{"line":14,"column":4},"end":{"line":14,"column":51}},"10":{"start":{"line":19,"column":0},"end":{"line":21,"column":2}}},"fnMap":{"0":{"name":"(anonymous_0)","decl":{"start":{"line":2,"column":2},"end":{"line":2,"column":3}},"loc":{"start":{"line":2,"column":24},"end":{"line":4,"column":3}},"line":2},"1":{"name":"(anonymous_1)","decl":{"start":{"line":6,"column":2},"end":{"line":6,"column":3}},"loc":{"start":{"line":6,"column":19},"end":{"line":15,"column":3}},"line":6}},"branchMap":{"0":{"loc":{"start":{"line":7,"column":4},"end":{"line":7,"column":45}},"type":"if","locations":[{"start":{"line":7,"column":4},"end":{"line":7,"column":45}},{"start":{"line":7,"column":4},"end":{"line":7,"column":45}}],"line":7},"1":{"loc":{"start":{"line":8,"column":4},"end":{"line":8,"column":43}},"type":"if","locations":[{"start":{"line":8,"column":4},"end":{"line":8,"column":43}},{"start":{"line":8,"column":4},"end":{"line":8,"column":43}}],"line":8}},"s":{"0":8078,"1":785750,"2":199666,"3":586084,"4":391666,"5":194418,"6":194418,"7":194418,"8":194418,"9":194418,"10":2},"f":{"0":8078,"1":785750},"b":{"0":[199666,586084],"1":[391666,194418]},"_coverageSchema":"1a1c01bbd47fc00a2c39e90264f33305004495a9","hash":"c414c1dcf08ef7df546d578712e9962853a08421"}
,"/data/ubuntu/dimitris/git/javascript/battlesnake-js/src/logic.js": {"path":"/data/ubuntu/dimitris/git/javascript/battlesnake-js/src/logic.js","statementMap":{"0":{"start":{"line":1,"column":43},"end":{"line":1,"column":60}},"1":{"start":{"line":2,"column":19},"end":{"line":2,"column":41}},"2":{"start":{"line":3,"column":32},"end":{"line":3,"column":54}},"3":{"start":{"line":4,"column":20},"end":{"line":4,"column":50}},"4":{"start":{"line":5,"column":42},"end":{"line":5,"column":69}},"5":{"start":{"line":7,"column":20},"end":{"line":19,"column":1}},"6":{"start":{"line":21,"column":21},"end":{"line":21,"column":24}},"7":{"start":{"line":24,"column":2},"end":{"line":24,"column":70}},"8":{"start":{"line":24,"column":42},"end":{"line":24,"column":70}},"9":{"start":{"line":25,"column":2},"end":{"line":25,"column":69}},"10":{"start":{"line":25,"column":42},"end":{"line":25,"column":69}},"11":{"start":{"line":26,"column":2},"end":{"line":26,"column":67}},"12":{"start":{"line":26,"column":42},"end":{"line":26,"column":67}},"13":{"start":{"line":27,"column":2},"end":{"line":27,"column":69}},"14":{"start":{"line":27,"column":42},"end":{"line":27,"column":69}},"15":{"start":{"line":31,"column":35},"end":{"line":36,"column":3}},"16":{"start":{"line":37,"column":17},"end":{"line":37,"column":35}},"17":{"start":{"line":39,"column":27},"end":{"line":41,"column":23}},"18":{"start":{"line":40,"column":19},"end":{"line":40,"column":79}},"19":{"start":{"line":41,"column":16},"end":{"line":41,"column":22}},"20":{"start":{"line":43,"column":2},"end":{"line":50,"column":3}},"21":{"start":{"line":43,"column":19},"end":{"line":43,"column":20}},"22":{"start":{"line":44,"column":4},"end":{"line":44,"column":34}},"23":{"start":{"line":45,"column":4},"end":{"line":45,"column":34}},"24":{"start":{"line":46,"column":4},"end":{"line":46,"column":76}},"25":{"start":{"line":47,"column":4},"end":{"line":47,"column":76}},"26":{"start":{"line":48,"column":4},"end":{"line":48,"column":76}},"27":{"start":{"line":49,"column":4},"end":{"line":49,"column":76}},"28":{"start":{"line":51,"column":2},"end":{"line":51,"column":36}},"29":{"start":{"line":55,"column":27},"end":{"line":60,"column":3}},"30":{"start":{"line":61,"column":2},"end":{"line":61,"column":59}},"31":{"start":{"line":61,"column":27},"end":{"line":61,"column":59}},"32":{"start":{"line":62,"column":2},"end":{"line":62,"column":58}},"33":{"start":{"line":62,"column":27},"end":{"line":62,"column":58}},"34":{"start":{"line":63,"column":2},"end":{"line":63,"column":56}},"35":{"start":{"line":63,"column":27},"end":{"line":63,"column":56}},"36":{"start":{"line":64,"column":2},"end":{"line":64,"column":58}},"37":{"start":{"line":64,"column":27},"end":{"line":64,"column":58}},"38":{"start":{"line":66,"column":2},"end":{"line":66,"column":28}},"39":{"start":{"line":70,"column":12},"end":{"line":70,"column":33}},"40":{"start":{"line":71,"column":12},"end":{"line":71,"column":34}},"41":{"start":{"line":72,"column":2},"end":{"line":78,"column":4}},"42":{"start":{"line":82,"column":2},"end":{"line":90,"column":4}},"43":{"start":{"line":94,"column":2},"end":{"line":94,"column":57}},"44":{"start":{"line":98,"column":10},"end":{"line":98,"column":14}},"45":{"start":{"line":99,"column":10},"end":{"line":99,"column":14}},"46":{"start":{"line":101,"column":2},"end":{"line":116,"column":3}},"47":{"start":{"line":103,"column":6},"end":{"line":103,"column":10}},"48":{"start":{"line":104,"column":6},"end":{"line":104,"column":12}},"49":{"start":{"line":106,"column":6},"end":{"line":106,"column":10}},"50":{"start":{"line":107,"column":6},"end":{"line":107,"column":12}},"51":{"start":{"line":109,"column":6},"end":{"line":109,"column":10}},"52":{"start":{"line":110,"column":6},"end":{"line":110,"column":12}},"53":{"start":{"line":112,"column":6},"end":{"line":112,"column":10}},"54":{"start":{"line":113,"column":6},"end":{"line":113,"column":12}},"55":{"start":{"line":117,"column":2},"end":{"line":117,"column":24}},"56":{"start":{"line":121,"column":2},"end":{"line":128,"column":3}},"57":{"start":{"line":122,"column":4},"end":{"line":122,"column":21}},"58":{"start":{"line":125,"column":4},"end":{"line":127,"column":25}},"59":{"start":{"line":126,"column":6},"end":{"line":126,"column":25}},"60":{"start":{"line":129,"column":2},"end":{"line":129,"column":30}},"61":{"start":{"line":130,"column":2},"end":{"line":130,"column":23}},"62":{"start":{"line":134,"column":21},"end":{"line":139,"column":3}},"63":{"start":{"line":137,"column":23},"end":{"line":137,"column":75}},"64":{"start":{"line":141,"column":18},"end":{"line":143,"column":6}},"65":{"start":{"line":142,"column":11},"end":{"line":142,"column":38}},"66":{"start":{"line":145,"column":2},"end":{"line":145,"column":51}},"67":{"start":{"line":147,"column":17},"end":{"line":147,"column":42}},"68":{"start":{"line":148,"column":22},"end":{"line":148,"column":71}},"69":{"start":{"line":148,"column":43},"end":{"line":148,"column":70}},"70":{"start":{"line":150,"column":2},"end":{"line":152,"column":3}},"71":{"start":{"line":150,"column":15},"end":{"line":150,"column":16}},"72":{"start":{"line":151,"column":4},"end":{"line":151,"column":69}},"73":{"start":{"line":155,"column":2},"end":{"line":166,"column":3}},"74":{"start":{"line":155,"column":15},"end":{"line":155,"column":16}},"75":{"start":{"line":156,"column":4},"end":{"line":165,"column":5}},"76":{"start":{"line":156,"column":17},"end":{"line":156,"column":22}},"77":{"start":{"line":157,"column":6},"end":{"line":164,"column":7}},"78":{"start":{"line":158,"column":8},"end":{"line":160,"column":9}},"79":{"start":{"line":159,"column":10},"end":{"line":159,"column":32}},"80":{"start":{"line":161,"column":8},"end":{"line":163,"column":9}},"81":{"start":{"line":162,"column":10},"end":{"line":162,"column":32}},"82":{"start":{"line":168,"column":2},"end":{"line":173,"column":3}},"83":{"start":{"line":168,"column":15},"end":{"line":168,"column":16}},"84":{"start":{"line":169,"column":4},"end":{"line":172,"column":5}},"85":{"start":{"line":170,"column":6},"end":{"line":170,"column":35}},"86":{"start":{"line":171,"column":6},"end":{"line":171,"column":12}},"87":{"start":{"line":175,"column":16},"end":{"line":175,"column":18}},"88":{"start":{"line":176,"column":2},"end":{"line":178,"column":5}},"89":{"start":{"line":177,"column":4},"end":{"line":177,"column":37}},"90":{"start":{"line":177,"column":21},"end":{"line":177,"column":37}},"91":{"start":{"line":180,"column":2},"end":{"line":180,"column":36}},"92":{"start":{"line":182,"column":2},"end":{"line":182,"column":27}},"93":{"start":{"line":190,"column":2},"end":{"line":190,"column":22}},"94":{"start":{"line":201,"column":22},"end":{"line":203,"column":3}},"95":{"start":{"line":202,"column":11},"end":{"line":202,"column":35}},"96":{"start":{"line":205,"column":2},"end":{"line":247,"column":3}},"97":{"start":{"line":206,"column":23},"end":{"line":206,"column":37}},"98":{"start":{"line":207,"column":22},"end":{"line":207,"column":37}},"99":{"start":{"line":209,"column":26},"end":{"line":209,"column":70}},"100":{"start":{"line":210,"column":23},"end":{"line":210,"column":49}},"101":{"start":{"line":212,"column":4},"end":{"line":223,"column":5}},"102":{"start":{"line":213,"column":26},"end":{"line":213,"column":72}},"103":{"start":{"line":215,"column":20},"end":{"line":215,"column":22}},"104":{"start":{"line":216,"column":6},"end":{"line":219,"column":7}},"105":{"start":{"line":216,"column":19},"end":{"line":216,"column":20}},"106":{"start":{"line":217,"column":29},"end":{"line":217,"column":70}},"107":{"start":{"line":218,"column":8},"end":{"line":218,"column":67}},"108":{"start":{"line":220,"column":6},"end":{"line":221,"column":54}},"109":{"start":{"line":222,"column":6},"end":{"line":222,"column":27}},"110":{"start":{"line":226,"column":30},"end":{"line":226,"column":32}},"111":{"start":{"line":232,"column":4},"end":{"line":244,"column":5}},"112":{"start":{"line":232,"column":17},"end":{"line":232,"column":18}},"113":{"start":{"line":233,"column":27},"end":{"line":233,"column":68}},"114":{"start":{"line":235,"column":27},"end":{"line":235,"column":70}},"115":{"start":{"line":236,"column":6},"end":{"line":243,"column":7}},"116":{"start":{"line":237,"column":29},"end":{"line":237,"column":76}},"117":{"start":{"line":240,"column":8},"end":{"line":240,"column":58}},"118":{"start":{"line":242,"column":8},"end":{"line":242,"column":48}},"119":{"start":{"line":246,"column":4},"end":{"line":246,"column":60}},"120":{"start":{"line":249,"column":2},"end":{"line":251,"column":3}},"121":{"start":{"line":250,"column":4},"end":{"line":250,"column":49}},"122":{"start":{"line":253,"column":23},"end":{"line":253,"column":50}},"123":{"start":{"line":255,"column":23},"end":{"line":255,"column":70}},"124":{"start":{"line":256,"column":2},"end":{"line":256,"column":61}},"125":{"start":{"line":258,"column":2},"end":{"line":258,"column":25}},"126":{"start":{"line":262,"column":24},"end":{"line":262,"column":53}},"127":{"start":{"line":263,"column":17},"end":{"line":263,"column":35}},"128":{"start":{"line":265,"column":20},"end":{"line":265,"column":46}},"129":{"start":{"line":267,"column":21},"end":{"line":267,"column":23}},"130":{"start":{"line":268,"column":2},"end":{"line":281,"column":3}},"131":{"start":{"line":268,"column":19},"end":{"line":268,"column":20}},"132":{"start":{"line":269,"column":18},"end":{"line":269,"column":71}},"133":{"start":{"line":271,"column":23},"end":{"line":273,"column":25}},"134":{"start":{"line":272,"column":21},"end":{"line":272,"column":45}},"135":{"start":{"line":273,"column":18},"end":{"line":273,"column":24}},"136":{"start":{"line":275,"column":20},"end":{"line":275,"column":75}},"137":{"start":{"line":280,"column":4},"end":{"line":280,"column":45}},"138":{"start":{"line":283,"column":2},"end":{"line":283,"column":22}},"139":{"start":{"line":289,"column":27},"end":{"line":292,"column":3}},"140":{"start":{"line":297,"column":23},"end":{"line":297,"column":54}},"141":{"start":{"line":298,"column":2},"end":{"line":298,"column":64}},"142":{"start":{"line":300,"column":22},"end":{"line":300,"column":75}},"143":{"start":{"line":302,"column":2},"end":{"line":339,"column":3}},"144":{"start":{"line":303,"column":28},"end":{"line":303,"column":60}},"145":{"start":{"line":304,"column":4},"end":{"line":304,"column":69}},"146":{"start":{"line":306,"column":34},"end":{"line":306,"column":64}},"147":{"start":{"line":307,"column":4},"end":{"line":338,"column":5}},"148":{"start":{"line":313,"column":18},"end":{"line":313,"column":52}},"149":{"start":{"line":314,"column":18},"end":{"line":314,"column":52}},"150":{"start":{"line":316,"column":6},"end":{"line":337,"column":7}},"151":{"start":{"line":317,"column":8},"end":{"line":317,"column":45}},"152":{"start":{"line":318,"column":35},"end":{"line":318,"column":62}},"153":{"start":{"line":320,"column":10},"end":{"line":321,"column":35}},"154":{"start":{"line":320,"column":46},"end":{"line":320,"column":51}},"155":{"start":{"line":325,"column":21},"end":{"line":327,"column":12}},"156":{"start":{"line":326,"column":17},"end":{"line":326,"column":42}},"157":{"start":{"line":333,"column":8},"end":{"line":333,"column":47}},"158":{"start":{"line":334,"column":8},"end":{"line":334,"column":35}},"159":{"start":{"line":335,"column":8},"end":{"line":335,"column":29}},"160":{"start":{"line":341,"column":2},"end":{"line":346,"column":5}},"161":{"start":{"line":342,"column":4},"end":{"line":345,"column":63}},"162":{"start":{"line":348,"column":2},"end":{"line":356,"column":3}},"163":{"start":{"line":352,"column":20},"end":{"line":354,"column":6}},"164":{"start":{"line":353,"column":6},"end":{"line":353,"column":55}},"165":{"start":{"line":355,"column":4},"end":{"line":355,"column":74}},"166":{"start":{"line":357,"column":2},"end":{"line":357,"column":23}},"167":{"start":{"line":361,"column":21},"end":{"line":361,"column":30}},"168":{"start":{"line":362,"column":2},"end":{"line":366,"column":3}},"169":{"start":{"line":363,"column":4},"end":{"line":363,"column":59}},"170":{"start":{"line":363,"column":46},"end":{"line":363,"column":57}},"171":{"start":{"line":365,"column":4},"end":{"line":365,"column":60}},"172":{"start":{"line":365,"column":46},"end":{"line":365,"column":58}},"173":{"start":{"line":367,"column":2},"end":{"line":371,"column":3}},"174":{"start":{"line":368,"column":4},"end":{"line":368,"column":59}},"175":{"start":{"line":368,"column":46},"end":{"line":368,"column":57}},"176":{"start":{"line":370,"column":4},"end":{"line":370,"column":57}},"177":{"start":{"line":370,"column":46},"end":{"line":370,"column":55}},"178":{"start":{"line":372,"column":2},"end":{"line":373,"column":73}},"179":{"start":{"line":373,"column":4},"end":{"line":373,"column":73}},"180":{"start":{"line":375,"column":2},"end":{"line":375,"column":65}},"181":{"start":{"line":379,"column":2},"end":{"line":381,"column":3}},"182":{"start":{"line":380,"column":4},"end":{"line":380,"column":34}},"183":{"start":{"line":383,"column":16},"end":{"line":383,"column":75}},"184":{"start":{"line":383,"column":37},"end":{"line":383,"column":74}},"185":{"start":{"line":385,"column":20},"end":{"line":385,"column":46}},"186":{"start":{"line":385,"column":37},"end":{"line":385,"column":45}},"187":{"start":{"line":386,"column":19},"end":{"line":386,"column":60}},"188":{"start":{"line":387,"column":2},"end":{"line":387,"column":52}},"189":{"start":{"line":387,"column":22},"end":{"line":387,"column":52}},"190":{"start":{"line":388,"column":2},"end":{"line":388,"column":69}},"191":{"start":{"line":393,"column":15},"end":{"line":393,"column":49}},"192":{"start":{"line":395,"column":2},"end":{"line":395,"column":14}},"193":{"start":{"line":399,"column":28},"end":{"line":401,"column":23}},"194":{"start":{"line":400,"column":19},"end":{"line":400,"column":79}},"195":{"start":{"line":401,"column":16},"end":{"line":401,"column":22}},"196":{"start":{"line":402,"column":2},"end":{"line":406,"column":4}},"197":{"start":{"line":404,"column":6},"end":{"line":404,"column":57}},"198":{"start":{"line":415,"column":2},"end":{"line":415,"column":40}},"199":{"start":{"line":415,"column":24},"end":{"line":415,"column":40}},"200":{"start":{"line":416,"column":2},"end":{"line":416,"column":21}},"201":{"start":{"line":422,"column":25},"end":{"line":427,"column":3}},"202":{"start":{"line":429,"column":20},"end":{"line":429,"column":40}},"203":{"start":{"line":430,"column":17},"end":{"line":430,"column":35}},"204":{"start":{"line":432,"column":24},"end":{"line":432,"column":26}},"205":{"start":{"line":433,"column":29},"end":{"line":433,"column":41}},"206":{"start":{"line":434,"column":19},"end":{"line":434,"column":21}},"207":{"start":{"line":436,"column":2},"end":{"line":469,"column":3}},"208":{"start":{"line":437,"column":23},"end":{"line":439,"column":25}},"209":{"start":{"line":438,"column":21},"end":{"line":438,"column":45}},"210":{"start":{"line":439,"column":18},"end":{"line":439,"column":24}},"211":{"start":{"line":441,"column":40},"end":{"line":446,"column":5}},"212":{"start":{"line":443,"column":8},"end":{"line":444,"column":59}},"213":{"start":{"line":448,"column":4},"end":{"line":451,"column":6}},"214":{"start":{"line":458,"column":4},"end":{"line":462,"column":6}},"215":{"start":{"line":464,"column":4},"end":{"line":468,"column":6}},"216":{"start":{"line":471,"column":2},"end":{"line":474,"column":3}},"217":{"start":{"line":473,"column":4},"end":{"line":473,"column":43}},"218":{"start":{"line":476,"column":2},"end":{"line":476,"column":50}},"219":{"start":{"line":480,"column":2},"end":{"line":484,"column":3}},"220":{"start":{"line":480,"column":15},"end":{"line":480,"column":20}},"221":{"start":{"line":481,"column":4},"end":{"line":483,"column":5}},"222":{"start":{"line":481,"column":17},"end":{"line":481,"column":22}},"223":{"start":{"line":482,"column":6},"end":{"line":482,"column":51}},"224":{"start":{"line":482,"column":38},"end":{"line":482,"column":51}},"225":{"start":{"line":485,"column":2},"end":{"line":485,"column":14}},"226":{"start":{"line":489,"column":20},"end":{"line":489,"column":49}},"227":{"start":{"line":490,"column":20},"end":{"line":490,"column":49}},"228":{"start":{"line":491,"column":21},"end":{"line":491,"column":59}},"229":{"start":{"line":492,"column":20},"end":{"line":492,"column":57}},"230":{"start":{"line":493,"column":2},"end":{"line":551,"column":3}},"231":{"start":{"line":513,"column":4},"end":{"line":521,"column":5}},"232":{"start":{"line":514,"column":6},"end":{"line":516,"column":7}},"233":{"start":{"line":515,"column":8},"end":{"line":515,"column":35}},"234":{"start":{"line":517,"column":11},"end":{"line":521,"column":5}},"235":{"start":{"line":518,"column":6},"end":{"line":520,"column":7}},"236":{"start":{"line":519,"column":8},"end":{"line":519,"column":33}},"237":{"start":{"line":522,"column":9},"end":{"line":551,"column":3}},"238":{"start":{"line":542,"column":4},"end":{"line":550,"column":5}},"239":{"start":{"line":543,"column":6},"end":{"line":545,"column":7}},"240":{"start":{"line":544,"column":8},"end":{"line":544,"column":35}},"241":{"start":{"line":546,"column":11},"end":{"line":550,"column":5}},"242":{"start":{"line":547,"column":6},"end":{"line":549,"column":7}},"243":{"start":{"line":548,"column":8},"end":{"line":548,"column":36}},"244":{"start":{"line":552,"column":2},"end":{"line":552,"column":32}},"245":{"start":{"line":556,"column":22},"end":{"line":558,"column":3}},"246":{"start":{"line":557,"column":11},"end":{"line":557,"column":35}},"247":{"start":{"line":559,"column":18},"end":{"line":559,"column":31}},"248":{"start":{"line":561,"column":2},"end":{"line":568,"column":3}},"249":{"start":{"line":561,"column":15},"end":{"line":561,"column":16}},"250":{"start":{"line":562,"column":30},"end":{"line":566,"column":5}},"251":{"start":{"line":567,"column":4},"end":{"line":567,"column":41}},"252":{"start":{"line":567,"column":28},"end":{"line":567,"column":41}},"253":{"start":{"line":570,"column":2},"end":{"line":570,"column":19}},"254":{"start":{"line":574,"column":22},"end":{"line":576,"column":3}},"255":{"start":{"line":575,"column":11},"end":{"line":575,"column":35}},"256":{"start":{"line":577,"column":18},"end":{"line":577,"column":31}},"257":{"start":{"line":579,"column":2},"end":{"line":595,"column":3}},"258":{"start":{"line":579,"column":15},"end":{"line":579,"column":16}},"259":{"start":{"line":580,"column":30},"end":{"line":584,"column":5}},"260":{"start":{"line":585,"column":4},"end":{"line":594,"column":5}},"261":{"start":{"line":586,"column":6},"end":{"line":593,"column":7}},"262":{"start":{"line":589,"column":10},"end":{"line":589,"column":49}},"263":{"start":{"line":592,"column":10},"end":{"line":592,"column":46}},"264":{"start":{"line":597,"column":2},"end":{"line":597,"column":19}},"265":{"start":{"line":601,"column":2},"end":{"line":601,"column":79}},"266":{"start":{"line":605,"column":2},"end":{"line":607,"column":3}},"267":{"start":{"line":605,"column":15},"end":{"line":605,"column":16}},"268":{"start":{"line":606,"column":4},"end":{"line":606,"column":75}},"269":{"start":{"line":609,"column":2},"end":{"line":619,"column":6}},"270":{"start":{"line":610,"column":19},"end":{"line":610,"column":26}},"271":{"start":{"line":615,"column":8},"end":{"line":617,"column":9}},"272":{"start":{"line":615,"column":21},"end":{"line":615,"column":22}},"273":{"start":{"line":616,"column":10},"end":{"line":616,"column":57}},"274":{"start":{"line":623,"column":25},"end":{"line":623,"column":34}},"275":{"start":{"line":626,"column":2},"end":{"line":626,"column":33}},"276":{"start":{"line":630,"column":2},"end":{"line":630,"column":74}},"277":{"start":{"line":630,"column":44},"end":{"line":630,"column":61}},"278":{"start":{"line":634,"column":2},"end":{"line":634,"column":42}},"279":{"start":{"line":635,"column":2},"end":{"line":635,"column":24}},"280":{"start":{"line":637,"column":24},"end":{"line":637,"column":53}},"281":{"start":{"line":638,"column":20},"end":{"line":638,"column":46}},"282":{"start":{"line":646,"column":33},"end":{"line":646,"column":69}},"283":{"start":{"line":647,"column":22},"end":{"line":649,"column":3}},"284":{"start":{"line":648,"column":11},"end":{"line":648,"column":35}},"285":{"start":{"line":650,"column":17},"end":{"line":650,"column":35}},"286":{"start":{"line":652,"column":18},"end":{"line":652,"column":63}},"287":{"start":{"line":652,"column":53},"end":{"line":652,"column":61}},"288":{"start":{"line":654,"column":43},"end":{"line":654,"column":70}},"289":{"start":{"line":656,"column":27},"end":{"line":659,"column":3}},"290":{"start":{"line":658,"column":6},"end":{"line":658,"column":74}},"291":{"start":{"line":662,"column":4},"end":{"line":664,"column":43}},"292":{"start":{"line":666,"column":20},"end":{"line":666,"column":76}},"293":{"start":{"line":667,"column":15},"end":{"line":667,"column":24}},"294":{"start":{"line":668,"column":23},"end":{"line":668,"column":35}},"295":{"start":{"line":669,"column":24},"end":{"line":669,"column":33}},"296":{"start":{"line":671,"column":2},"end":{"line":684,"column":3}},"297":{"start":{"line":672,"column":4},"end":{"line":672,"column":31}},"298":{"start":{"line":675,"column":4},"end":{"line":675,"column":71}},"299":{"start":{"line":675,"column":37},"end":{"line":675,"column":61}},"300":{"start":{"line":676,"column":4},"end":{"line":676,"column":46}},"301":{"start":{"line":677,"column":23},"end":{"line":677,"column":56}},"302":{"start":{"line":678,"column":4},"end":{"line":683,"column":6}},"303":{"start":{"line":680,"column":8},"end":{"line":682,"column":25}},"304":{"start":{"line":687,"column":4},"end":{"line":687,"column":38}},"305":{"start":{"line":690,"column":22},"end":{"line":695,"column":3}},"306":{"start":{"line":692,"column":6},"end":{"line":694,"column":43}},"307":{"start":{"line":697,"column":2},"end":{"line":697,"column":46}},"308":{"start":{"line":698,"column":2},"end":{"line":698,"column":50}},"309":{"start":{"line":699,"column":2},"end":{"line":699,"column":53}},"310":{"start":{"line":700,"column":2},"end":{"line":700,"column":46}},"311":{"start":{"line":701,"column":2},"end":{"line":701,"column":52}},"312":{"start":{"line":703,"column":19},"end":{"line":703,"column":28}},"313":{"start":{"line":704,"column":31},"end":{"line":704,"column":40}},"314":{"start":{"line":705,"column":19},"end":{"line":705,"column":28}},"315":{"start":{"line":707,"column":2},"end":{"line":709,"column":3}},"316":{"start":{"line":708,"column":4},"end":{"line":708,"column":42}},"317":{"start":{"line":711,"column":2},"end":{"line":712,"column":57}},"318":{"start":{"line":712,"column":4},"end":{"line":712,"column":57}},"319":{"start":{"line":714,"column":2},"end":{"line":719,"column":3}},"320":{"start":{"line":715,"column":4},"end":{"line":715,"column":38}},"321":{"start":{"line":716,"column":4},"end":{"line":716,"column":36}},"322":{"start":{"line":718,"column":4},"end":{"line":718,"column":35}},"323":{"start":{"line":721,"column":2},"end":{"line":739,"column":3}},"324":{"start":{"line":722,"column":4},"end":{"line":722,"column":46}},"325":{"start":{"line":723,"column":4},"end":{"line":723,"column":40}},"326":{"start":{"line":724,"column":9},"end":{"line":739,"column":3}},"327":{"start":{"line":725,"column":4},"end":{"line":725,"column":40}},"328":{"start":{"line":726,"column":4},"end":{"line":726,"column":28}},"329":{"start":{"line":727,"column":4},"end":{"line":727,"column":36}},"330":{"start":{"line":728,"column":9},"end":{"line":739,"column":3}},"331":{"start":{"line":732,"column":4},"end":{"line":732,"column":52}},"332":{"start":{"line":733,"column":9},"end":{"line":739,"column":3}},"333":{"start":{"line":734,"column":4},"end":{"line":734,"column":54}},"334":{"start":{"line":735,"column":9},"end":{"line":739,"column":3}},"335":{"start":{"line":736,"column":4},"end":{"line":736,"column":52}},"336":{"start":{"line":738,"column":4},"end":{"line":738,"column":48}},"337":{"start":{"line":741,"column":2},"end":{"line":744,"column":3}},"338":{"start":{"line":742,"column":4},"end":{"line":742,"column":35}},"339":{"start":{"line":743,"column":4},"end":{"line":743,"column":48}},"340":{"start":{"line":746,"column":2},"end":{"line":748,"column":4}},"341":{"start":{"line":750,"column":2},"end":{"line":750,"column":79}},"342":{"start":{"line":751,"column":2},"end":{"line":751,"column":18}},"343":{"start":{"line":754,"column":0},"end":{"line":763,"column":2}}},"fnMap":{"0":{"name":"collideSquare","decl":{"start":{"line":23,"column":9},"end":{"line":23,"column":22}},"loc":{"start":{"line":23,"column":64},"end":{"line":28,"column":1}},"line":23},"1":{"name":"avoidLongerHeads","decl":{"start":{"line":30,"column":9},"end":{"line":30,"column":25}},"loc":{"start":{"line":30,"column":37},"end":{"line":52,"column":1}},"line":30},"2":{"name":"(anonymous_2)","decl":{"start":{"line":40,"column":12},"end":{"line":40,"column":13}},"loc":{"start":{"line":40,"column":19},"end":{"line":40,"column":79}},"line":40},"3":{"name":"(anonymous_3)","decl":{"start":{"line":41,"column":9},"end":{"line":41,"column":10}},"loc":{"start":{"line":41,"column":16},"end":{"line":41,"column":22}},"line":41},"4":{"name":"moveTowardsTarget","decl":{"start":{"line":54,"column":9},"end":{"line":54,"column":26}},"loc":{"start":{"line":54,"column":43},"end":{"line":67,"column":1}},"line":54},"5":{"name":"isEmpty","decl":{"start":{"line":69,"column":9},"end":{"line":69,"column":16}},"loc":{"start":{"line":69,"column":35},"end":{"line":79,"column":1}},"line":69},"6":{"name":"getSnakePossibleMoves","decl":{"start":{"line":81,"column":9},"end":{"line":81,"column":30}},"loc":{"start":{"line":81,"column":49},"end":{"line":91,"column":1}},"line":81},"7":{"name":"getMyPossibleMoves","decl":{"start":{"line":93,"column":9},"end":{"line":93,"column":27}},"loc":{"start":{"line":93,"column":39},"end":{"line":95,"column":1}},"line":93},"8":{"name":"squareAfterMove","decl":{"start":{"line":97,"column":9},"end":{"line":97,"column":24}},"loc":{"start":{"line":97,"column":36},"end":{"line":118,"column":1}},"line":97},"9":{"name":"applyMoveToSnake","decl":{"start":{"line":120,"column":9},"end":{"line":120,"column":25}},"loc":{"start":{"line":120,"column":56},"end":{"line":131,"column":1}},"line":120},"10":{"name":"(anonymous_10)","decl":{"start":{"line":125,"column":35},"end":{"line":125,"column":36}},"loc":{"start":{"line":126,"column":6},"end":{"line":126,"column":25}},"line":126},"11":{"name":"applyMove","decl":{"start":{"line":133,"column":9},"end":{"line":133,"column":18}},"loc":{"start":{"line":133,"column":59},"end":{"line":191,"column":1}},"line":133},"12":{"name":"(anonymous_12)","decl":{"start":{"line":137,"column":6},"end":{"line":137,"column":7}},"loc":{"start":{"line":137,"column":23},"end":{"line":137,"column":75}},"line":137},"13":{"name":"(anonymous_13)","decl":{"start":{"line":142,"column":4},"end":{"line":142,"column":5}},"loc":{"start":{"line":142,"column":11},"end":{"line":142,"column":38}},"line":142},"14":{"name":"(anonymous_14)","decl":{"start":{"line":148,"column":36},"end":{"line":148,"column":37}},"loc":{"start":{"line":148,"column":43},"end":{"line":148,"column":70}},"line":148},"15":{"name":"(anonymous_15)","decl":{"start":{"line":176,"column":34},"end":{"line":176,"column":35}},"loc":{"start":{"line":176,"column":41},"end":{"line":178,"column":3}},"line":176},"16":{"name":"getMinMaxFloodFill","decl":{"start":{"line":200,"column":9},"end":{"line":200,"column":27}},"loc":{"start":{"line":200,"column":70},"end":{"line":259,"column":1}},"line":200},"17":{"name":"(anonymous_17)","decl":{"start":{"line":202,"column":4},"end":{"line":202,"column":5}},"loc":{"start":{"line":202,"column":11},"end":{"line":202,"column":35}},"line":202},"18":{"name":"getSquaresCountPerMove","decl":{"start":{"line":261,"column":9},"end":{"line":261,"column":31}},"loc":{"start":{"line":261,"column":50},"end":{"line":284,"column":1}},"line":261},"19":{"name":"(anonymous_19)","decl":{"start":{"line":272,"column":14},"end":{"line":272,"column":15}},"loc":{"start":{"line":272,"column":21},"end":{"line":272,"column":45}},"line":272},"20":{"name":"(anonymous_20)","decl":{"start":{"line":273,"column":11},"end":{"line":273,"column":12}},"loc":{"start":{"line":273,"column":18},"end":{"line":273,"column":24}},"line":273},"21":{"name":"getPossibleMovesFloodFill","decl":{"start":{"line":286,"column":9},"end":{"line":286,"column":34}},"loc":{"start":{"line":286,"column":46},"end":{"line":358,"column":1}},"line":286},"22":{"name":"(anonymous_22)","decl":{"start":{"line":320,"column":36},"end":{"line":320,"column":37}},"loc":{"start":{"line":320,"column":46},"end":{"line":320,"column":51}},"line":320},"23":{"name":"(anonymous_23)","decl":{"start":{"line":326,"column":10},"end":{"line":326,"column":11}},"loc":{"start":{"line":326,"column":17},"end":{"line":326,"column":42}},"line":326},"24":{"name":"(anonymous_24)","decl":{"start":{"line":341,"column":42},"end":{"line":341,"column":43}},"loc":{"start":{"line":341,"column":57},"end":{"line":346,"column":3}},"line":341},"25":{"name":"(anonymous_25)","decl":{"start":{"line":352,"column":53},"end":{"line":352,"column":54}},"loc":{"start":{"line":352,"column":69},"end":{"line":354,"column":5}},"line":352},"26":{"name":"pickMove","decl":{"start":{"line":360,"column":9},"end":{"line":360,"column":17}},"loc":{"start":{"line":360,"column":40},"end":{"line":376,"column":1}},"line":360},"27":{"name":"(anonymous_27)","decl":{"start":{"line":363,"column":39},"end":{"line":363,"column":40}},"loc":{"start":{"line":363,"column":46},"end":{"line":363,"column":57}},"line":363},"28":{"name":"(anonymous_28)","decl":{"start":{"line":365,"column":39},"end":{"line":365,"column":40}},"loc":{"start":{"line":365,"column":46},"end":{"line":365,"column":58}},"line":365},"29":{"name":"(anonymous_29)","decl":{"start":{"line":368,"column":39},"end":{"line":368,"column":40}},"loc":{"start":{"line":368,"column":46},"end":{"line":368,"column":57}},"line":368},"30":{"name":"(anonymous_30)","decl":{"start":{"line":370,"column":39},"end":{"line":370,"column":40}},"loc":{"start":{"line":370,"column":46},"end":{"line":370,"column":55}},"line":370},"31":{"name":"closerFoodAndDistance","decl":{"start":{"line":378,"column":9},"end":{"line":378,"column":30}},"loc":{"start":{"line":378,"column":61},"end":{"line":389,"column":1}},"line":378},"32":{"name":"(anonymous_32)","decl":{"start":{"line":383,"column":30},"end":{"line":383,"column":31}},"loc":{"start":{"line":383,"column":37},"end":{"line":383,"column":74}},"line":383},"33":{"name":"(anonymous_33)","decl":{"start":{"line":385,"column":30},"end":{"line":385,"column":31}},"loc":{"start":{"line":385,"column":37},"end":{"line":385,"column":45}},"line":385},"34":{"name":"pathToFoodAStar","decl":{"start":{"line":391,"column":9},"end":{"line":391,"column":24}},"loc":{"start":{"line":391,"column":45},"end":{"line":396,"column":1}},"line":391},"35":{"name":"minFoodDistanceFromLongerOrSameSnakes","decl":{"start":{"line":398,"column":9},"end":{"line":398,"column":46}},"loc":{"start":{"line":398,"column":64},"end":{"line":407,"column":1}},"line":398},"36":{"name":"(anonymous_36)","decl":{"start":{"line":400,"column":12},"end":{"line":400,"column":13}},"loc":{"start":{"line":400,"column":19},"end":{"line":400,"column":79}},"line":400},"37":{"name":"(anonymous_37)","decl":{"start":{"line":401,"column":9},"end":{"line":401,"column":10}},"loc":{"start":{"line":401,"column":16},"end":{"line":401,"column":22}},"line":401},"38":{"name":"(anonymous_38)","decl":{"start":{"line":403,"column":29},"end":{"line":403,"column":30}},"loc":{"start":{"line":404,"column":6},"end":{"line":404,"column":57}},"line":404},"39":{"name":"distanceOfPath","decl":{"start":{"line":414,"column":9},"end":{"line":414,"column":23}},"loc":{"start":{"line":414,"column":30},"end":{"line":417,"column":1}},"line":414},"40":{"name":"movesTowardsClosestFood","decl":{"start":{"line":419,"column":9},"end":{"line":419,"column":32}},"loc":{"start":{"line":419,"column":44},"end":{"line":477,"column":1}},"line":419},"41":{"name":"(anonymous_41)","decl":{"start":{"line":438,"column":14},"end":{"line":438,"column":15}},"loc":{"start":{"line":438,"column":21},"end":{"line":438,"column":45}},"line":438},"42":{"name":"(anonymous_42)","decl":{"start":{"line":439,"column":11},"end":{"line":439,"column":12}},"loc":{"start":{"line":439,"column":18},"end":{"line":439,"column":24}},"line":439},"43":{"name":"(anonymous_43)","decl":{"start":{"line":442,"column":6},"end":{"line":442,"column":7}},"loc":{"start":{"line":443,"column":8},"end":{"line":444,"column":59}},"line":443},"44":{"name":"blockFilled","decl":{"start":{"line":479,"column":9},"end":{"line":479,"column":20}},"loc":{"start":{"line":479,"column":56},"end":{"line":486,"column":1}},"line":479},"45":{"name":"getDeadlyMoveToSnake","decl":{"start":{"line":488,"column":9},"end":{"line":488,"column":29}},"loc":{"start":{"line":488,"column":57},"end":{"line":553,"column":1}},"line":488},"46":{"name":"getDeadlyMove","decl":{"start":{"line":555,"column":9},"end":{"line":555,"column":22}},"loc":{"start":{"line":555,"column":34},"end":{"line":571,"column":1}},"line":555},"47":{"name":"(anonymous_47)","decl":{"start":{"line":557,"column":4},"end":{"line":557,"column":5}},"loc":{"start":{"line":557,"column":11},"end":{"line":557,"column":35}},"line":557},"48":{"name":"detectDeadlyMove","decl":{"start":{"line":573,"column":9},"end":{"line":573,"column":25}},"loc":{"start":{"line":573,"column":37},"end":{"line":598,"column":1}},"line":573},"49":{"name":"(anonymous_49)","decl":{"start":{"line":575,"column":4},"end":{"line":575,"column":5}},"loc":{"start":{"line":575,"column":11},"end":{"line":575,"column":35}},"line":575},"50":{"name":"preprocess","decl":{"start":{"line":600,"column":9},"end":{"line":600,"column":19}},"loc":{"start":{"line":600,"column":31},"end":{"line":620,"column":1}},"line":600},"51":{"name":"(anonymous_51)","decl":{"start":{"line":610,"column":12},"end":{"line":610,"column":13}},"loc":{"start":{"line":610,"column":19},"end":{"line":610,"column":26}},"line":610},"52":{"name":"(anonymous_52)","decl":{"start":{"line":611,"column":13},"end":{"line":611,"column":14}},"loc":{"start":{"line":614,"column":6},"end":{"line":618,"column":7}},"line":614},"53":{"name":"resetPreviousDeadlyMove","decl":{"start":{"line":625,"column":9},"end":{"line":625,"column":32}},"loc":{"start":{"line":625,"column":35},"end":{"line":627,"column":1}},"line":625},"54":{"name":"isFood","decl":{"start":{"line":629,"column":9},"end":{"line":629,"column":15}},"loc":{"start":{"line":629,"column":34},"end":{"line":631,"column":1}},"line":629},"55":{"name":"(anonymous_55)","decl":{"start":{"line":630,"column":37},"end":{"line":630,"column":38}},"loc":{"start":{"line":630,"column":44},"end":{"line":630,"column":61}},"line":630},"56":{"name":"move","decl":{"start":{"line":633,"column":9},"end":{"line":633,"column":13}},"loc":{"start":{"line":633,"column":25},"end":{"line":752,"column":1}},"line":633},"57":{"name":"(anonymous_57)","decl":{"start":{"line":648,"column":4},"end":{"line":648,"column":5}},"loc":{"start":{"line":648,"column":11},"end":{"line":648,"column":35}},"line":648},"58":{"name":"(anonymous_58)","decl":{"start":{"line":652,"column":46},"end":{"line":652,"column":47}},"loc":{"start":{"line":652,"column":53},"end":{"line":652,"column":61}},"line":652},"59":{"name":"(anonymous_59)","decl":{"start":{"line":657,"column":4},"end":{"line":657,"column":5}},"loc":{"start":{"line":658,"column":6},"end":{"line":658,"column":74}},"line":658},"60":{"name":"(anonymous_60)","decl":{"start":{"line":675,"column":30},"end":{"line":675,"column":31}},"loc":{"start":{"line":675,"column":37},"end":{"line":675,"column":61}},"line":675},"61":{"name":"(anonymous_61)","decl":{"start":{"line":679,"column":6},"end":{"line":679,"column":7}},"loc":{"start":{"line":680,"column":8},"end":{"line":682,"column":25}},"line":680},"62":{"name":"(anonymous_62)","decl":{"start":{"line":691,"column":4},"end":{"line":691,"column":5}},"loc":{"start":{"line":692,"column":6},"end":{"line":694,"column":43}},"line":692}},"branchMap":{"0":{"loc":{"start":{"line":24,"column":2},"end":{"line":24,"column":70}},"type":"if","locations":[{"start":{"line":24,"column":2},"end":{"line":24,"column":70}},{"start":{"line":24,"column":2},"end":{"line":24,"column":70}}],"line":24},"1":{"loc":{"start":{"line":24,"column":6},"end":{"line":24,"column":40}},"type":"binary-expr","locations":[{"start":{"line":24,"column":6},"end":{"line":24,"column":23}},{"start":{"line":24,"column":27},"end":{"line":24,"column":40}}],"line":24},"2":{"loc":{"start":{"line":25,"column":2},"end":{"line":25,"column":69}},"type":"if","locations":[{"start":{"line":25,"column":2},"end":{"line":25,"column":69}},{"start":{"line":25,"column":2},"end":{"line":25,"column":69}}],"line":25},"3":{"loc":{"start":{"line":25,"column":6},"end":{"line":25,"column":40}},"type":"binary-expr","locations":[{"start":{"line":25,"column":6},"end":{"line":25,"column":23}},{"start":{"line":25,"column":27},"end":{"line":25,"column":40}}],"line":25},"4":{"loc":{"start":{"line":26,"column":2},"end":{"line":26,"column":67}},"type":"if","locations":[{"start":{"line":26,"column":2},"end":{"line":26,"column":67}},{"start":{"line":26,"column":2},"end":{"line":26,"column":67}}],"line":26},"5":{"loc":{"start":{"line":26,"column":6},"end":{"line":26,"column":40}},"type":"binary-expr","locations":[{"start":{"line":26,"column":6},"end":{"line":26,"column":19}},{"start":{"line":26,"column":23},"end":{"line":26,"column":40}}],"line":26},"6":{"loc":{"start":{"line":27,"column":2},"end":{"line":27,"column":69}},"type":"if","locations":[{"start":{"line":27,"column":2},"end":{"line":27,"column":69}},{"start":{"line":27,"column":2},"end":{"line":27,"column":69}}],"line":27},"7":{"loc":{"start":{"line":27,"column":6},"end":{"line":27,"column":40}},"type":"binary-expr","locations":[{"start":{"line":27,"column":6},"end":{"line":27,"column":19}},{"start":{"line":27,"column":23},"end":{"line":27,"column":40}}],"line":27},"8":{"loc":{"start":{"line":40,"column":19},"end":{"line":40,"column":79}},"type":"binary-expr","locations":[{"start":{"line":40,"column":19},"end":{"line":40,"column":43}},{"start":{"line":40,"column":47},"end":{"line":40,"column":79}}],"line":40},"9":{"loc":{"start":{"line":61,"column":2},"end":{"line":61,"column":59}},"type":"if","locations":[{"start":{"line":61,"column":2},"end":{"line":61,"column":59}},{"start":{"line":61,"column":2},"end":{"line":61,"column":59}}],"line":61},"10":{"loc":{"start":{"line":62,"column":2},"end":{"line":62,"column":58}},"type":"if","locations":[{"start":{"line":62,"column":2},"end":{"line":62,"column":58}},{"start":{"line":62,"column":2},"end":{"line":62,"column":58}}],"line":62},"11":{"loc":{"start":{"line":63,"column":2},"end":{"line":63,"column":56}},"type":"if","locations":[{"start":{"line":63,"column":2},"end":{"line":63,"column":56}},{"start":{"line":63,"column":2},"end":{"line":63,"column":56}}],"line":63},"12":{"loc":{"start":{"line":64,"column":2},"end":{"line":64,"column":58}},"type":"if","locations":[{"start":{"line":64,"column":2},"end":{"line":64,"column":58}},{"start":{"line":64,"column":2},"end":{"line":64,"column":58}}],"line":64},"13":{"loc":{"start":{"line":73,"column":4},"end":{"line":77,"column":75}},"type":"binary-expr","locations":[{"start":{"line":73,"column":4},"end":{"line":73,"column":16}},{"start":{"line":74,"column":4},"end":{"line":74,"column":15}},{"start":{"line":75,"column":4},"end":{"line":75,"column":16}},{"start":{"line":76,"column":4},"end":{"line":76,"column":15}},{"start":{"line":77,"column":4},"end":{"line":77,"column":75}}],"line":73},"14":{"loc":{"start":{"line":83,"column":8},"end":{"line":83,"column":76}},"type":"binary-expr","locations":[{"start":{"line":83,"column":8},"end":{"line":83,"column":19}},{"start":{"line":83,"column":23},"end":{"line":83,"column":76}}],"line":83},"15":{"loc":{"start":{"line":85,"column":6},"end":{"line":85,"column":76}},"type":"binary-expr","locations":[{"start":{"line":85,"column":6},"end":{"line":85,"column":17}},{"start":{"line":85,"column":21},"end":{"line":85,"column":76}}],"line":85},"16":{"loc":{"start":{"line":87,"column":6},"end":{"line":87,"column":76}},"type":"binary-expr","locations":[{"start":{"line":87,"column":6},"end":{"line":87,"column":17}},{"start":{"line":87,"column":21},"end":{"line":87,"column":76}}],"line":87},"17":{"loc":{"start":{"line":89,"column":6},"end":{"line":89,"column":77}},"type":"binary-expr","locations":[{"start":{"line":89,"column":6},"end":{"line":89,"column":17}},{"start":{"line":89,"column":21},"end":{"line":89,"column":77}}],"line":89},"18":{"loc":{"start":{"line":101,"column":2},"end":{"line":116,"column":3}},"type":"switch","locations":[{"start":{"line":102,"column":4},"end":{"line":104,"column":12}},{"start":{"line":105,"column":4},"end":{"line":107,"column":12}},{"start":{"line":108,"column":4},"end":{"line":110,"column":12}},{"start":{"line":111,"column":4},"end":{"line":113,"column":12}},{"start":{"line":114,"column":4},"end":{"line":114,"column":12}}],"line":101},"19":{"loc":{"start":{"line":121,"column":2},"end":{"line":128,"column":3}},"type":"if","locations":[{"start":{"line":121,"column":2},"end":{"line":128,"column":3}},{"start":{"line":121,"column":2},"end":{"line":128,"column":3}}],"line":121},"20":{"loc":{"start":{"line":133,"column":39},"end":{"line":133,"column":57}},"type":"default-arg","locations":[{"start":{"line":133,"column":55},"end":{"line":133,"column":57}}],"line":133},"21":{"loc":{"start":{"line":137,"column":23},"end":{"line":137,"column":75}},"type":"cond-expr","locations":[{"start":{"line":137,"column":51},"end":{"line":137,"column":67}},{"start":{"line":137,"column":70},"end":{"line":137,"column":75}}],"line":137},"22":{"loc":{"start":{"line":157,"column":6},"end":{"line":164,"column":7}},"type":"if","locations":[{"start":{"line":157,"column":6},"end":{"line":164,"column":7}},{"start":{"line":157,"column":6},"end":{"line":164,"column":7}}],"line":157},"23":{"loc":{"start":{"line":158,"column":8},"end":{"line":160,"column":9}},"type":"if","locations":[{"start":{"line":158,"column":8},"end":{"line":160,"column":9}},{"start":{"line":158,"column":8},"end":{"line":160,"column":9}}],"line":158},"24":{"loc":{"start":{"line":161,"column":8},"end":{"line":163,"column":9}},"type":"if","locations":[{"start":{"line":161,"column":8},"end":{"line":163,"column":9}},{"start":{"line":161,"column":8},"end":{"line":163,"column":9}}],"line":161},"25":{"loc":{"start":{"line":169,"column":4},"end":{"line":172,"column":5}},"type":"if","locations":[{"start":{"line":169,"column":4},"end":{"line":172,"column":5}},{"start":{"line":169,"column":4},"end":{"line":172,"column":5}}],"line":169},"26":{"loc":{"start":{"line":177,"column":4},"end":{"line":177,"column":37}},"type":"if","locations":[{"start":{"line":177,"column":4},"end":{"line":177,"column":37}},{"start":{"line":177,"column":4},"end":{"line":177,"column":37}}],"line":177},"27":{"loc":{"start":{"line":200,"column":53},"end":{"line":200,"column":68}},"type":"default-arg","locations":[{"start":{"line":200,"column":66},"end":{"line":200,"column":68}}],"line":200},"28":{"loc":{"start":{"line":205,"column":2},"end":{"line":247,"column":3}},"type":"if","locations":[{"start":{"line":205,"column":2},"end":{"line":247,"column":3}},{"start":{"line":205,"column":2},"end":{"line":247,"column":3}}],"line":205},"29":{"loc":{"start":{"line":212,"column":4},"end":{"line":223,"column":5}},"type":"if","locations":[{"start":{"line":212,"column":4},"end":{"line":223,"column":5}},{"start":{"line":212,"column":4},"end":{"line":223,"column":5}}],"line":212},"30":{"loc":{"start":{"line":221,"column":8},"end":{"line":221,"column":53}},"type":"cond-expr","locations":[{"start":{"line":221,"column":29},"end":{"line":221,"column":49}},{"start":{"line":221,"column":52},"end":{"line":221,"column":53}}],"line":221},"31":{"loc":{"start":{"line":236,"column":6},"end":{"line":243,"column":7}},"type":"if","locations":[{"start":{"line":236,"column":6},"end":{"line":243,"column":7}},{"start":{"line":236,"column":6},"end":{"line":243,"column":7}}],"line":236},"32":{"loc":{"start":{"line":249,"column":2},"end":{"line":251,"column":3}},"type":"if","locations":[{"start":{"line":249,"column":2},"end":{"line":251,"column":3}},{"start":{"line":249,"column":2},"end":{"line":251,"column":3}}],"line":249},"33":{"loc":{"start":{"line":302,"column":2},"end":{"line":339,"column":3}},"type":"if","locations":[{"start":{"line":302,"column":2},"end":{"line":339,"column":3}},{"start":{"line":302,"column":2},"end":{"line":339,"column":3}}],"line":302},"34":{"loc":{"start":{"line":307,"column":4},"end":{"line":338,"column":5}},"type":"if","locations":[{"start":{"line":307,"column":4},"end":{"line":338,"column":5}},{"start":{"line":307,"column":4},"end":{"line":338,"column":5}}],"line":307},"35":{"loc":{"start":{"line":316,"column":6},"end":{"line":337,"column":7}},"type":"if","locations":[{"start":{"line":316,"column":6},"end":{"line":337,"column":7}},{"start":{"line":316,"column":6},"end":{"line":337,"column":7}}],"line":316},"36":{"loc":{"start":{"line":343,"column":6},"end":{"line":345,"column":62}},"type":"binary-expr","locations":[{"start":{"line":343,"column":6},"end":{"line":343,"column":42}},{"start":{"line":344,"column":6},"end":{"line":345,"column":62}}],"line":343},"37":{"loc":{"start":{"line":348,"column":2},"end":{"line":356,"column":3}},"type":"if","locations":[{"start":{"line":348,"column":2},"end":{"line":356,"column":3}},{"start":{"line":348,"column":2},"end":{"line":356,"column":3}}],"line":348},"38":{"loc":{"start":{"line":349,"column":4},"end":{"line":350,"column":40}},"type":"binary-expr","locations":[{"start":{"line":349,"column":4},"end":{"line":349,"column":42}},{"start":{"line":350,"column":4},"end":{"line":350,"column":40}}],"line":349},"39":{"loc":{"start":{"line":353,"column":13},"end":{"line":353,"column":54}},"type":"cond-expr","locations":[{"start":{"line":353,"column":49},"end":{"line":353,"column":50}},{"start":{"line":353,"column":53},"end":{"line":353,"column":54}}],"line":353},"40":{"loc":{"start":{"line":362,"column":2},"end":{"line":366,"column":3}},"type":"if","locations":[{"start":{"line":362,"column":2},"end":{"line":366,"column":3}},{"start":{"line":362,"column":2},"end":{"line":366,"column":3}}],"line":362},"41":{"loc":{"start":{"line":367,"column":2},"end":{"line":371,"column":3}},"type":"if","locations":[{"start":{"line":367,"column":2},"end":{"line":371,"column":3}},{"start":{"line":367,"column":2},"end":{"line":371,"column":3}}],"line":367},"42":{"loc":{"start":{"line":372,"column":2},"end":{"line":373,"column":73}},"type":"if","locations":[{"start":{"line":372,"column":2},"end":{"line":373,"column":73}},{"start":{"line":372,"column":2},"end":{"line":373,"column":73}}],"line":372},"43":{"loc":{"start":{"line":379,"column":2},"end":{"line":381,"column":3}},"type":"if","locations":[{"start":{"line":379,"column":2},"end":{"line":381,"column":3}},{"start":{"line":379,"column":2},"end":{"line":381,"column":3}}],"line":379},"44":{"loc":{"start":{"line":387,"column":2},"end":{"line":387,"column":52}},"type":"if","locations":[{"start":{"line":387,"column":2},"end":{"line":387,"column":52}},{"start":{"line":387,"column":2},"end":{"line":387,"column":52}}],"line":387},"45":{"loc":{"start":{"line":400,"column":19},"end":{"line":400,"column":79}},"type":"binary-expr","locations":[{"start":{"line":400,"column":19},"end":{"line":400,"column":43}},{"start":{"line":400,"column":47},"end":{"line":400,"column":79}}],"line":400},"46":{"loc":{"start":{"line":415,"column":2},"end":{"line":415,"column":40}},"type":"if","locations":[{"start":{"line":415,"column":2},"end":{"line":415,"column":40}},{"start":{"line":415,"column":2},"end":{"line":415,"column":40}}],"line":415},"47":{"loc":{"start":{"line":436,"column":2},"end":{"line":469,"column":3}},"type":"if","locations":[{"start":{"line":436,"column":2},"end":{"line":469,"column":3}},{"start":{"line":436,"column":2},"end":{"line":469,"column":3}}],"line":436},"48":{"loc":{"start":{"line":471,"column":2},"end":{"line":474,"column":3}},"type":"if","locations":[{"start":{"line":471,"column":2},"end":{"line":474,"column":3}},{"start":{"line":471,"column":2},"end":{"line":474,"column":3}}],"line":471},"49":{"loc":{"start":{"line":482,"column":6},"end":{"line":482,"column":51}},"type":"if","locations":[{"start":{"line":482,"column":6},"end":{"line":482,"column":51}},{"start":{"line":482,"column":6},"end":{"line":482,"column":51}}],"line":482},"50":{"loc":{"start":{"line":493,"column":2},"end":{"line":551,"column":3}},"type":"if","locations":[{"start":{"line":493,"column":2},"end":{"line":551,"column":3}},{"start":{"line":493,"column":2},"end":{"line":551,"column":3}}],"line":493},"51":{"loc":{"start":{"line":494,"column":4},"end":{"line":511,"column":26}},"type":"binary-expr","locations":[{"start":{"line":494,"column":5},"end":{"line":494,"column":19}},{"start":{"line":495,"column":6},"end":{"line":501,"column":7}},{"start":{"line":502,"column":6},"end":{"line":502,"column":49}},{"start":{"line":503,"column":5},"end":{"line":503,"column":20}},{"start":{"line":504,"column":6},"end":{"line":510,"column":7}},{"start":{"line":511,"column":6},"end":{"line":511,"column":25}}],"line":494},"52":{"loc":{"start":{"line":513,"column":4},"end":{"line":521,"column":5}},"type":"if","locations":[{"start":{"line":513,"column":4},"end":{"line":521,"column":5}},{"start":{"line":513,"column":4},"end":{"line":521,"column":5}}],"line":513},"53":{"loc":{"start":{"line":514,"column":6},"end":{"line":516,"column":7}},"type":"if","locations":[{"start":{"line":514,"column":6},"end":{"line":516,"column":7}},{"start":{"line":514,"column":6},"end":{"line":516,"column":7}}],"line":514},"54":{"loc":{"start":{"line":517,"column":11},"end":{"line":521,"column":5}},"type":"if","locations":[{"start":{"line":517,"column":11},"end":{"line":521,"column":5}},{"start":{"line":517,"column":11},"end":{"line":521,"column":5}}],"line":517},"55":{"loc":{"start":{"line":518,"column":6},"end":{"line":520,"column":7}},"type":"if","locations":[{"start":{"line":518,"column":6},"end":{"line":520,"column":7}},{"start":{"line":518,"column":6},"end":{"line":520,"column":7}}],"line":518},"56":{"loc":{"start":{"line":522,"column":9},"end":{"line":551,"column":3}},"type":"if","locations":[{"start":{"line":522,"column":9},"end":{"line":551,"column":3}},{"start":{"line":522,"column":9},"end":{"line":551,"column":3}}],"line":522},"57":{"loc":{"start":{"line":523,"column":4},"end":{"line":540,"column":26}},"type":"binary-expr","locations":[{"start":{"line":523,"column":5},"end":{"line":523,"column":19}},{"start":{"line":524,"column":6},"end":{"line":530,"column":7}},{"start":{"line":531,"column":6},"end":{"line":531,"column":50}},{"start":{"line":532,"column":5},"end":{"line":532,"column":20}},{"start":{"line":533,"column":6},"end":{"line":539,"column":7}},{"start":{"line":540,"column":6},"end":{"line":540,"column":25}}],"line":523},"58":{"loc":{"start":{"line":542,"column":4},"end":{"line":550,"column":5}},"type":"if","locations":[{"start":{"line":542,"column":4},"end":{"line":550,"column":5}},{"start":{"line":542,"column":4},"end":{"line":550,"column":5}}],"line":542},"59":{"loc":{"start":{"line":543,"column":6},"end":{"line":545,"column":7}},"type":"if","locations":[{"start":{"line":543,"column":6},"end":{"line":545,"column":7}},{"start":{"line":543,"column":6},"end":{"line":545,"column":7}}],"line":543},"60":{"loc":{"start":{"line":546,"column":11},"end":{"line":550,"column":5}},"type":"if","locations":[{"start":{"line":546,"column":11},"end":{"line":550,"column":5}},{"start":{"line":546,"column":11},"end":{"line":550,"column":5}}],"line":546},"61":{"loc":{"start":{"line":547,"column":6},"end":{"line":549,"column":7}},"type":"if","locations":[{"start":{"line":547,"column":6},"end":{"line":549,"column":7}},{"start":{"line":547,"column":6},"end":{"line":549,"column":7}}],"line":547},"62":{"loc":{"start":{"line":567,"column":4},"end":{"line":567,"column":41}},"type":"if","locations":[{"start":{"line":567,"column":4},"end":{"line":567,"column":41}},{"start":{"line":567,"column":4},"end":{"line":567,"column":41}}],"line":567},"63":{"loc":{"start":{"line":585,"column":4},"end":{"line":594,"column":5}},"type":"if","locations":[{"start":{"line":585,"column":4},"end":{"line":594,"column":5}},{"start":{"line":585,"column":4},"end":{"line":594,"column":5}}],"line":585},"64":{"loc":{"start":{"line":586,"column":6},"end":{"line":593,"column":7}},"type":"switch","locations":[{"start":{"line":587,"column":8},"end":{"line":587,"column":18}},{"start":{"line":588,"column":8},"end":{"line":589,"column":49}},{"start":{"line":590,"column":8},"end":{"line":590,"column":20}},{"start":{"line":591,"column":8},"end":{"line":592,"column":46}}],"line":586},"65":{"loc":{"start":{"line":589,"column":17},"end":{"line":589,"column":48}},"type":"cond-expr","locations":[{"start":{"line":589,"column":32},"end":{"line":589,"column":39}},{"start":{"line":589,"column":42},"end":{"line":589,"column":48}}],"line":589},"66":{"loc":{"start":{"line":592,"column":17},"end":{"line":592,"column":45}},"type":"cond-expr","locations":[{"start":{"line":592,"column":32},"end":{"line":592,"column":36}},{"start":{"line":592,"column":39},"end":{"line":592,"column":45}}],"line":592},"67":{"loc":{"start":{"line":658,"column":6},"end":{"line":658,"column":74}},"type":"binary-expr","locations":[{"start":{"line":658,"column":6},"end":{"line":658,"column":33}},{"start":{"line":658,"column":37},"end":{"line":658,"column":74}}],"line":658},"68":{"loc":{"start":{"line":662,"column":4},"end":{"line":664,"column":43}},"type":"cond-expr","locations":[{"start":{"line":663,"column":8},"end":{"line":663,"column":24}},{"start":{"line":664,"column":8},"end":{"line":664,"column":43}}],"line":662},"69":{"loc":{"start":{"line":666,"column":20},"end":{"line":666,"column":76}},"type":"binary-expr","locations":[{"start":{"line":666,"column":20},"end":{"line":666,"column":42}},{"start":{"line":666,"column":46},"end":{"line":666,"column":76}}],"line":666},"70":{"loc":{"start":{"line":671,"column":2},"end":{"line":684,"column":3}},"type":"if","locations":[{"start":{"line":671,"column":2},"end":{"line":684,"column":3}},{"start":{"line":671,"column":2},"end":{"line":684,"column":3}}],"line":671},"71":{"loc":{"start":{"line":680,"column":8},"end":{"line":682,"column":25}},"type":"binary-expr","locations":[{"start":{"line":680,"column":8},"end":{"line":680,"column":35}},{"start":{"line":681,"column":8},"end":{"line":681,"column":45}},{"start":{"line":682,"column":8},"end":{"line":682,"column":25}}],"line":680},"72":{"loc":{"start":{"line":692,"column":6},"end":{"line":694,"column":43}},"type":"binary-expr","locations":[{"start":{"line":692,"column":6},"end":{"line":692,"column":33}},{"start":{"line":693,"column":6},"end":{"line":693,"column":27}},{"start":{"line":694,"column":6},"end":{"line":694,"column":43}}],"line":692},"73":{"loc":{"start":{"line":707,"column":2},"end":{"line":709,"column":3}},"type":"if","locations":[{"start":{"line":707,"column":2},"end":{"line":709,"column":3}},{"start":{"line":707,"column":2},"end":{"line":709,"column":3}}],"line":707},"74":{"loc":{"start":{"line":711,"column":2},"end":{"line":712,"column":57}},"type":"if","locations":[{"start":{"line":711,"column":2},"end":{"line":712,"column":57}},{"start":{"line":711,"column":2},"end":{"line":712,"column":57}}],"line":711},"75":{"loc":{"start":{"line":714,"column":2},"end":{"line":719,"column":3}},"type":"if","locations":[{"start":{"line":714,"column":2},"end":{"line":719,"column":3}},{"start":{"line":714,"column":2},"end":{"line":719,"column":3}}],"line":714},"76":{"loc":{"start":{"line":714,"column":6},"end":{"line":714,"column":66}},"type":"binary-expr","locations":[{"start":{"line":714,"column":6},"end":{"line":714,"column":24}},{"start":{"line":714,"column":28},"end":{"line":714,"column":66}}],"line":714},"77":{"loc":{"start":{"line":721,"column":2},"end":{"line":739,"column":3}},"type":"if","locations":[{"start":{"line":721,"column":2},"end":{"line":739,"column":3}},{"start":{"line":721,"column":2},"end":{"line":739,"column":3}}],"line":721},"78":{"loc":{"start":{"line":721,"column":6},"end":{"line":721,"column":74}},"type":"binary-expr","locations":[{"start":{"line":721,"column":6},"end":{"line":721,"column":28}},{"start":{"line":721,"column":32},"end":{"line":721,"column":74}}],"line":721},"79":{"loc":{"start":{"line":724,"column":9},"end":{"line":739,"column":3}},"type":"if","locations":[{"start":{"line":724,"column":9},"end":{"line":739,"column":3}},{"start":{"line":724,"column":9},"end":{"line":739,"column":3}}],"line":724},"80":{"loc":{"start":{"line":724,"column":13},"end":{"line":724,"column":57}},"type":"binary-expr","locations":[{"start":{"line":724,"column":13},"end":{"line":724,"column":23}},{"start":{"line":724,"column":27},"end":{"line":724,"column":57}}],"line":724},"81":{"loc":{"start":{"line":728,"column":9},"end":{"line":739,"column":3}},"type":"if","locations":[{"start":{"line":728,"column":9},"end":{"line":739,"column":3}},{"start":{"line":728,"colu
[...]
c":{"start":{"line":729,"column":4},"end":{"line":730,"column":41}},"type":"binary-expr","locations":[{"start":{"line":729,"column":4},"end":{"line":729,"column":28}},{"start":{"line":730,"column":4},"end":{"line":730,"column":41}}],"line":729},"83":{"loc":{"start":{"line":733,"column":9},"end":{"line":739,"column":3}},"type":"if","locations":[{"start":{"line":733,"column":9},"end":{"line":739,"column":3}},{"start":{"line":733,"column":9},"end":{"line":739,"column":3}}],"line":733},"84":{"loc":{"start":{"line":733,"column":13},"end":{"line":733,"column":54}},"type":"binary-expr","locations":[{"start":{"line":733,"column":13},"end":{"line":733,"column":24}},{"start":{"line":733,"column":28},"end":{"line":733,"column":54}}],"line":733},"85":{"loc":{"start":{"line":735,"column":9},"end":{"line":739,"column":3}},"type":"if","locations":[{"start":{"line":735,"column":9},"end":{"line":739,"column":3}},{"start":{"line":735,"column":9},"end":{"line":739,"column":3}}],"line":735},"86":{"loc":{"start":{"line":741,"column":2},"end":{"line":744,"column":3}},"type":"if","locations":[{"start":{"line":741,"column":2},"end":{"line":744,"column":3}},{"start":{"line":741,"column":2},"end":{"line":744,"column":3}}],"line":741}},"s":{"0":1,"1":1,"2":1,"3":1,"4":1,"5":1,"6":1,"7":176,"8":12,"9":176,"10":0,"11":176,"12":10,"13":176,"14":1,"15":149,"16":149,"17":149,"18":225,"19":44,"20":149,"21":149,"22":44,"23":44,"24":44,"25":44,"26":44,"27":44,"28":149,"29":32,"30":32,"31":11,"32":32,"33":21,"34":32,"35":10,"36":32,"37":21,"38":32,"39":18716,"40":18716,"41":18716,"42":4703,"43":2247,"44":29334,"45":29334,"46":29334,"47":7522,"48":7522,"49":7346,"50":7346,"51":7093,"52":7093,"53":7373,"54":7373,"55":29334,"56":2978,"57":2962,"58":16,"59":26,"60":2978,"61":2978,"62":1953,"63":130059,"64":1953,"65":3008,"66":1953,"67":1953,"68":1953,"69":3008,"70":1953,"71":1953,"72":1025,"73":1953,"74":1953,"75":1055,"76":1055,"77":1085,"78":18,"79":8,"80":18,"81":18,"82":1953,"83":1953,"84":1953,"85":1953,"86":1953,"87":1953,"88":1953,"89":286,"90":271,"91":1953,"92":1953,"93":1953,"94":5549,"95":8035,"96":5549,"97":2456,"98":2456,"99":2456,"100":2456,"101":2456,"102":1863,"103":1863,"104":1863,"105":1863,"106":4046,"107":4046,"108":1863,"109":1863,"110":593,"111":593,"112":593,"113":1023,"114":1023,"115":1023,"116":1015,"117":1015,"118":8,"119":593,"120":3093,"121":2165,"122":928,"123":928,"124":928,"125":928,"126":2095,"127":2095,"128":2095,"129":2095,"130":2095,"131":2095,"132":5549,"133":5549,"134":8035,"135":2486,"136":5549,"137":5549,"138":2095,"139":152,"140":152,"141":152,"142":152,"143":152,"144":49,"145":49,"146":49,"147":49,"148":49,"149":49,"150":49,"151":36,"152":36,"153":36,"154":70,"155":36,"156":106,"157":36,"158":36,"159":36,"160":116,"161":464,"162":116,"163":10,"164":0,"165":10,"166":116,"167":127,"168":127,"169":77,"170":148,"171":50,"172":110,"173":127,"174":77,"175":137,"176":50,"177":90,"178":127,"179":107,"180":20,"181":149,"182":146,"183":3,"184":4,"185":3,"186":4,"187":3,"188":3,"189":0,"190":3,"191":11,"192":11,"193":5,"194":8,"195":2,"196":5,"197":2,"198":7,"199":0,"200":7,"201":149,"202":149,"203":149,"204":149,"205":149,"206":149,"207":149,"208":149,"209":225,"210":76,"211":149,"212":5,"213":149,"214":149,"215":0,"216":149,"217":3,"218":149,"219":90,"220":90,"221":150,"222":150,"223":210,"224":58,"225":32,"226":152,"227":152,"228":152,"229":152,"230":152,"231":12,"232":2,"233":2,"234":10,"235":10,"236":10,"237":140,"238":20,"239":10,"240":10,"241":10,"242":10,"243":10,"244":120,"245":149,"246":225,"247":149,"248":149,"249":149,"250":76,"251":76,"252":31,"253":118,"254":149,"255":225,"256":149,"257":149,"258":149,"259":76,"260":76,"261":1,"262":1,"263":0,"264":148,"265":2114,"266":2114,"267":2114,"268":2000,"269":2114,"270":3253,"271":3227,"272":3227,"273":5119,"274":1,"275":30,"276":2979,"277":537,"278":149,"279":149,"280":149,"281":149,"282":149,"283":149,"284":225,"285":149,"286":149,"287":76,"288":149,"289":149,"290":596,"291":149,"292":149,"293":149,"294":149,"295":149,"296":149,"297":32,"298":32,"299":0,"300":32,"301":32,"302":32,"303":128,"304":149,"305":149,"306":596,"307":149,"308":149,"309":149,"310":149,"311":149,"312":149,"313":149,"314":149,"315":149,"316":149,"317":149,"318":149,"319":149,"320":27,"321":27,"322":122,"323":149,"324":1,"325":1,"326":148,"327":31,"328":31,"329":31,"330":117,"331":3,"332":114,"333":0,"334":114,"335":0,"336":114,"337":149,"338":10,"339":10,"340":149,"341":149,"342":149,"343":1},"f":{"0":176,"1":149,"2":225,"3":44,"4":32,"5":18716,"6":4703,"7":2247,"8":29334,"9":2978,"10":26,"11":1953,"12":130059,"13":3008,"14":3008,"15":286,"16":5549,"17":8035,"18":2095,"19":8035,"20":2486,"21":152,"22":70,"23":106,"24":464,"25":0,"26":127,"27":148,"28":110,"29":137,"30":90,"31":149,"32":4,"33":4,"34":11,"35":5,"36":8,"37":2,"38":2,"39":7,"40":149,"41":225,"42":76,"43":5,"44":90,"45":152,"46":149,"47":225,"48":149,"49":225,"50":2114,"51":3253,"52":3227,"53":30,"54":2979,"55":537,"56":149,"57":225,"58":76,"59":596,"60":0,"61":128,"62":596},"b":{"0":[12,164],"1":[176,34],"2":[0,176],"3":[176,30],"4":[10,166],"5":[176,41],"6":[1,175],"7":[176,41],"8":[225,76],"9":[11,21],"10":[21,11],"11":[10,22],"12":[21,11],"13":[18716,18055,16876,16299,15053],"14":[4703,4679],"15":[4703,4679],"16":[4703,4679],"17":[4703,4679],"18":[7522,7346,7093,7373,0],"19":[2962,16],"20":[928],"21":[1953,128106],"22":[18,1067],"23":[8,10],"24":[18,0],"25":[1953,0],"26":[271,15],"27":[0],"28":[2456,3093],"29":[1863,593],"30":[1840,23],"31":[1015,8],"32":[2165,928],"33":[49,103],"34":[49,0],"35":[36,13],"36":[464,268],"37":[10,106],"38":[116,10],"39":[0,0],"40":[77,50],"41":[77,50],"42":[107,20],"43":[146,3],"44":[0,3],"45":[8,3],"46":[0,7],"47":[149,0],"48":[3,146],"49":[58,152],"50":[12,140],"51":[152,25,12,140,25,0],"52":[2,10],"53":[2,0],"54":[10,0],"55":[10,0],"56":[20,120],"57":[140,20,20,120,20,0],"58":[10,10],"59":[10,0],"60":[10,0],"61":[10,0],"62":[31,45],"63":[1,75],"64":[0,1,0,0],"65":[0,1],"66":[0,0],"67":[596,288],"68":[139,10],"69":[149,56],"70":[32,117],"71":[128,34,34],"72":[596,288,3],"73":[149,0],"74":[149,0],"75":[27,122],"76":[149,27],"77":[1,148],"78":[149,1],"79":[31,117],"80":[148,31],"81":[3,114],"82":[117,3],"83":[0,114],"84":[114,0],"85":[0,114],"86":[10,139]},"_coverageSchema":"1a1c01bbd47fc00a2c39e90264f33305004495a9","hash":"f35494b11a48233a31446276b7a69b954a67171f"}
,"/data/ubuntu/dimitris/git/javascript/battlesnake-js/src/priorityqueue.js": {"path":"/data/ubuntu/dimitris/git/javascript/battlesnake-js/src/priorityqueue.js","statementMap":{"0":{"start":{"line":3,"column":4},"end":{"line":3,"column":20}},"1":{"start":{"line":7,"column":4},"end":{"line":7,"column":29}},"2":{"start":{"line":11,"column":18},"end":{"line":11,"column":23}},"3":{"start":{"line":12,"column":20},"end":{"line":12,"column":57}},"4":{"start":{"line":13,"column":4},"end":{"line":19,"column":5}},"5":{"start":{"line":13,"column":17},"end":{"line":13,"column":18}},"6":{"start":{"line":14,"column":6},"end":{"line":18,"column":7}},"7":{"start":{"line":15,"column":8},"end":{"line":15,"column":41}},"8":{"start":{"line":16,"column":8},"end":{"line":16,"column":23}},"9":{"start":{"line":17,"column":8},"end":{"line":17,"column":14}},"10":{"start":{"line":20,"column":4},"end":{"line":22,"column":5}},"11":{"start":{"line":21,"column":6},"end":{"line":21,"column":31}},"12":{"start":{"line":26,"column":4},"end":{"line":28,"column":5}},"13":{"start":{"line":27,"column":6},"end":{"line":27,"column":32}},"14":{"start":{"line":32,"column":4},"end":{"line":34,"column":5}},"15":{"start":{"line":33,"column":6},"end":{"line":33,"column":32}},"16":{"start":{"line":38,"column":4},"end":{"line":38,"column":56}},"17":{"start":{"line":38,"column":31},"end":{"line":38,"column":37}},"18":{"start":{"line":42,"column":0},"end":{"line":44,"column":2}}},"fnMap":{"0":{"name":"(anonymous_0)","decl":{"start":{"line":2,"column":2},"end":{"line":2,"column":3}},"loc":{"start":{"line":2,"column":16},"end":{"line":4,"column":3}},"line":2},"1":{"name":"(anonymous_1)","decl":{"start":{"line":6,"column":2},"end":{"line":6,"column":3}},"loc":{"start":{"line":6,"column":9},"end":{"line":8,"column":3}},"line":6},"2":{"name":"(anonymous_2)","decl":{"start":{"line":10,"column":2},"end":{"line":10,"column":3}},"loc":{"start":{"line":10,"column":25},"end":{"line":23,"column":3}},"line":10},"3":{"name":"(anonymous_3)","decl":{"start":{"line":25,"column":2},"end":{"line":25,"column":3}},"loc":{"start":{"line":25,"column":12},"end":{"line":29,"column":3}},"line":25},"4":{"name":"(anonymous_4)","decl":{"start":{"line":31,"column":2},"end":{"line":31,"column":3}},"loc":{"start":{"line":31,"column":10},"end":{"line":35,"column":3}},"line":31},"5":{"name":"(anonymous_5)","decl":{"start":{"line":37,"column":2},"end":{"line":37,"column":3}},"loc":{"start":{"line":37,"column":20},"end":{"line":39,"column":3}},"line":37},"6":{"name":"(anonymous_6)","decl":{"start":{"line":38,"column":26},"end":{"line":38,"column":27}},"loc":{"start":{"line":38,"column":31},"end":{"line":38,"column":37}},"line":38}},"branchMap":{"0":{"loc":{"start":{"line":14,"column":6},"end":{"line":18,"column":7}},"type":"if","locations":[{"start":{"line":14,"column":6},"end":{"line":18,"column":7}},{"start":{"line":14,"column":6},"end":{"line":18,"column":7}}],"line":14},"1":{"loc":{"start":{"line":20,"column":4},"end":{"line":22,"column":5}},"type":"if","locations":[{"start":{"line":20,"column":4},"end":{"line":22,"column":5}},{"start":{"line":20,"column":4},"end":{"line":22,"column":5}}],"line":20},"2":{"loc":{"start":{"line":26,"column":4},"end":{"line":28,"column":5}},"type":"if","locations":[{"start":{"line":26,"column":4},"end":{"line":28,"column":5}},{"start":{"line":26,"column":4},"end":{"line":28,"column":5}}],"line":26},"3":{"loc":{"start":{"line":32,"column":4},"end":{"line":34,"column":5}},"type":"if","locations":[{"start":{"line":32,"column":4},"end":{"line":34,"column":5}},{"start":{"line":32,"column":4},"end":{"line":34,"column":5}}],"line":32}},"s":{"0":16,"1":65,"2":122,"3":122,"4":122,"5":122,"6":260,"7":34,"8":34,"9":34,"10":122,"11":88,"12":48,"13":48,"14":62,"15":62,"16":108,"17":348,"18":4},"f":{"0":16,"1":65,"2":122,"3":48,"4":62,"5":108,"6":348},"b":{"0":[34,226],"1":[88,34],"2":[48,0],"3":[62,0]},"_coverageSchema":"1a1c01bbd47fc00a2c39e90264f33305004495a9","hash":"2c21f4f7ee41d3d36fb5d5f80d931491c7fe20e9"}
,"/data/ubuntu/dimitris/git/javascript/battlesnake-js/src/process_ffdata.js": {"path":"/data/ubuntu/dimitris/git/javascript/battlesnake-js/src/process_ffdata.js","statementMap":{"0":{"start":{"line":1,"column":18},"end":{"line":1,"column":21}},"1":{"start":{"line":4,"column":2},"end":{"line":4,"column":42}},"2":{"start":{"line":8,"column":2},"end":{"line":8,"column":43}},"3":{"start":{"line":12,"column":18},"end":{"line":12,"column":44}},"4":{"start":{"line":13,"column":15},"end":{"line":13,"column":17}},"5":{"start":{"line":15,"column":2},"end":{"line":17,"column":5}},"6":{"start":{"line":16,"column":4},"end":{"line":16,"column":68}},"7":{"start":{"line":19,"column":2},"end":{"line":19,"column":16}},"8":{"start":{"line":24,"column":2},"end":{"line":27,"column":3}},"9":{"start":{"line":25,"column":18},"end":{"line":25,"column":71}},"10":{"start":{"line":25,"column":57},"end":{"line":25,"column":67}},"11":{"start":{"line":26,"column":4},"end":{"line":26,"column":59}},"12":{"start":{"line":29,"column":2},"end":{"line":31,"column":3}},"13":{"start":{"line":30,"column":4},"end":{"line":30,"column":23}},"14":{"start":{"line":33,"column":24},"end":{"line":33,"column":55}},"15":{"start":{"line":34,"column":2},"end":{"line":36,"column":3}},"16":{"start":{"line":35,"column":4},"end":{"line":35,"column":36}},"17":{"start":{"line":38,"column":20},"end":{"line":38,"column":75}},"18":{"start":{"line":38,"column":46},"end":{"line":38,"column":74}},"19":{"start":{"line":40,"column":2},"end":{"line":40,"column":68}},"20":{"start":{"line":44,"column":19},"end":{"line":44,"column":46}},"21":{"start":{"line":45,"column":2},"end":{"line":47,"column":3}},"22":{"start":{"line":46,"column":4},"end":{"line":46,"column":36}},"23":{"start":{"line":48,"column":20},"end":{"line":48,"column":69}},"24":{"start":{"line":48,"column":41},"end":{"line":48,"column":68}},"25":{"start":{"line":50,"column":2},"end":{"line":50,"column":68}},"26":{"start":{"line":54,"column":0},"end":{"line":57,"column":2}}},"fnMap":{"0":{"name":"processMyFill","decl":{"start":{"line":3,"column":9},"end":{"line":3,"column":22}},"loc":{"start":{"line":3,"column":38},"end":{"line":5,"column":1}},"line":3},"1":{"name":"processOppFill","decl":{"start":{"line":7,"column":9},"end":{"line":7,"column":23}},"loc":{"start":{"line":7,"column":39},"end":{"line":9,"column":1}},"line":7},"2":{"name":"processFill","decl":{"start":{"line":11,"column":9},"end":{"line":11,"column":20}},"loc":{"start":{"line":11,"column":46},"end":{"line":20,"column":1}},"line":11},"3":{"name":"(anonymous_3)","decl":{"start":{"line":15,"column":18},"end":{"line":15,"column":19}},"loc":{"start":{"line":15,"column":30},"end":{"line":17,"column":3}},"line":15},"4":{"name":"processMyMove","decl":{"start":{"line":22,"column":9},"end":{"line":22,"column":22}},"loc":{"start":{"line":22,"column":46},"end":{"line":41,"column":1}},"line":22},"5":{"name":"(anonymous_5)","decl":{"start":{"line":25,"column":50},"end":{"line":25,"column":51}},"loc":{"start":{"line":25,"column":57},"end":{"line":25,"column":67}},"line":25},"6":{"name":"(anonymous_6)","decl":{"start":{"line":38,"column":38},"end":{"line":38,"column":39}},"loc":{"start":{"line":38,"column":46},"end":{"line":38,"column":74}},"line":38},"7":{"name":"processOppMove","decl":{"start":{"line":43,"column":9},"end":{"line":43,"column":23}},"loc":{"start":{"line":43,"column":48},"end":{"line":51,"column":1}},"line":43},"8":{"name":"(anonymous_8)","decl":{"start":{"line":48,"column":33},"end":{"line":48,"column":34}},"loc":{"start":{"line":48,"column":41},"end":{"line":48,"column":68}},"line":48}},"branchMap":{"0":{"loc":{"start":{"line":24,"column":2},"end":{"line":27,"column":3}},"type":"if","locations":[{"start":{"line":24,"column":2},"end":{"line":27,"column":3}},{"start":{"line":24,"column":2},"end":{"line":27,"column":3}}],"line":24},"1":{"loc":{"start":{"line":26,"column":11},"end":{"line":26,"column":58}},"type":"cond-expr","locations":[{"start":{"line":26,"column":22},"end":{"line":26,"column":37}},{"start":{"line":26,"column":40},"end":{"line":26,"column":58}}],"line":26},"2":{"loc":{"start":{"line":29,"column":2},"end":{"line":31,"column":3}},"type":"if","locations":[{"start":{"line":29,"column":2},"end":{"line":31,"column":3}},{"start":{"line":29,"column":2},"end":{"line":31,"column":3}}],"line":29},"3":{"loc":{"start":{"line":34,"column":2},"end":{"line":36,"column":3}},"type":"if","locations":[{"start":{"line":34,"column":2},"end":{"line":36,"column":3}},{"start":{"line":34,"column":2},"end":{"line":36,"column":3}}],"line":34},"4":{"loc":{"start":{"line":35,"column":11},"end":{"line":35,"column":35}},"type":"cond-expr","locations":[{"start":{"line":35,"column":22},"end":{"line":35,"column":31}},{"start":{"line":35,"column":34},"end":{"line":35,"column":35}}],"line":35},"5":{"loc":{"start":{"line":40,"column":9},"end":{"line":40,"column":67}},"type":"cond-expr","locations":[{"start":{"line":40,"column":20},"end":{"line":40,"column":42}},{"start":{"line":40,"column":45},"end":{"line":40,"column":67}}],"line":40},"6":{"loc":{"start":{"line":45,"column":2},"end":{"line":47,"column":3}},"type":"if","locations":[{"start":{"line":45,"column":2},"end":{"line":47,"column":3}},{"start":{"line":45,"column":2},"end":{"line":47,"column":3}}],"line":45},"7":{"loc":{"start":{"line":46,"column":11},"end":{"line":46,"column":35}},"type":"cond-expr","locations":[{"start":{"line":46,"column":22},"end":{"line":46,"column":23}},{"start":{"line":46,"column":26},"end":{"line":46,"column":35}}],"line":46},"8":{"loc":{"start":{"line":50,"column":9},"end":{"line":50,"column":67}},"type":"cond-expr","locations":[{"start":{"line":50,"column":20},"end":{"line":50,"column":42}},{"start":{"line":50,"column":45},"end":{"line":50,"column":67}}],"line":50}},"s":{"0":2,"1":158,"2":52,"3":210,"4":210,"5":210,"6":536,"7":210,"8":5482,"9":3984,"10":7968,"11":3984,"12":1498,"13":238,"14":1260,"15":1260,"16":92,"17":1168,"18":2204,"19":1168,"20":2204,"21":2204,"22":102,"23":2102,"24":4946,"25":2102,"26":2},"f":{"0":158,"1":52,"2":210,"3":536,"4":5482,"5":7968,"6":2204,"7":2204,"8":4946},"b":{"0":[3984,1498],"1":[2052,1932],"2":[238,1260],"3":[92,1168],"4":[46,46],"5":[598,570],"6":[102,2102],"7":[53,49],"8":[1085,1017]},"_coverageSchema":"1a1c01bbd47fc00a2c39e90264f33305004495a9","hash":"dea2266f55265b0a57d8d2446b40feaf8118db5b"}
,"/data/ubuntu/dimitris/git/javascript/battlesnake-js/src/util.js": {"path":"/data/ubuntu/dimitris/git/javascript/battlesnake-js/src/util.js","statementMap":{"0":{"start":{"line":2,"column":2},"end":{"line":2,"column":59}},"1":{"start":{"line":6,"column":2},"end":{"line":6,"column":35}},"2":{"start":{"line":10,"column":12},"end":{"line":10,"column":21}},"3":{"start":{"line":11,"column":12},"end":{"line":11,"column":33}},"4":{"start":{"line":12,"column":2},"end":{"line":12,"column":24}},"5":{"start":{"line":16,"column":2},"end":{"line":16,"column":52}},"6":{"start":{"line":16,"column":42},"end":{"line":16,"column":50}},"7":{"start":{"line":20,"column":2},"end":{"line":20,"column":37}},"8":{"start":{"line":23,"column":0},"end":{"line":29,"column":2}}},"fnMap":{"0":{"name":"distance","decl":{"start":{"line":1,"column":9},"end":{"line":1,"column":17}},"loc":{"start":{"line":1,"column":28},"end":{"line":3,"column":1}},"line":1},"1":{"name":"coordToIndex","decl":{"start":{"line":5,"column":9},"end":{"line":5,"column":21}},"loc":{"start":{"line":5,"column":36},"end":{"line":7,"column":1}},"line":5},"2":{"name":"indexToCoord","decl":{"start":{"line":9,"column":9},"end":{"line":9,"column":21}},"loc":{"start":{"line":9,"column":32},"end":{"line":13,"column":1}},"line":9},"3":{"name":"getTrueKeys","decl":{"start":{"line":15,"column":9},"end":{"line":15,"column":20}},"loc":{"start":{"line":15,"column":26},"end":{"line":17,"column":1}},"line":15},"4":{"name":"(anonymous_4)","decl":{"start":{"line":16,"column":33},"end":{"line":16,"column":34}},"loc":{"start":{"line":16,"column":42},"end":{"line":16,"column":50}},"line":16},"5":{"name":"isEqual","decl":{"start":{"line":19,"column":9},"end":{"line":19,"column":16}},"loc":{"start":{"line":19,"column":25},"end":{"line":21,"column":1}},"line":19}},"branchMap":{"0":{"loc":{"start":{"line":20,"column":9},"end":{"line":20,"column":37}},"type":"binary-expr","locations":[{"start":{"line":20,"column":9},"end":{"line":20,"column":21}},{"start":{"line":20,"column":25},"end":{"line":20,"column":37}}],"line":20}},"s":{"0":152,"1":185,"2":332,"3":332,"4":332,"5":4826,"6":19304,"7":1648,"8":3},"f":{"0":152,"1":185,"2":332,"3":4826,"4":19304,"5":1648},"b":{"0":[1648,310]},"_coverageSchema":"1a1c01bbd47fc00a2c39e90264f33305004495a9","hash":"0432d964638562723dbf0f2a114e242dcc43f886"}
,"/data/ubuntu/dimitris/git/javascript/battlesnake-js/test/test_json.js": {"path":"/data/ubuntu/dimitris/git/javascript/battlesnake-js/test/test_json.js","statementMap":{"0":{"start":{"line":1,"column":22},"end":{"line":584,"column":1}},"1":{"start":{"line":586,"column":17},"end":{"line":678,"column":1}},"2":{"start":{"line":680,"column":40},"end":{"line":810,"column":1}},"3":{"start":{"line":812,"column":16},"end":{"line":912,"column":1}},"4":{"start":{"line":914,"column":24},"end":{"line":1002,"column":1}},"5":{"start":{"line":1004,"column":26},"end":{"line":1244,"column":1}},"6":{"start":{"line":1246,"column":0},"end":{"line":1253,"column":2}}},"fnMap":{},"branchMap":{},"s":{"0":1,"1":1,"2":1,"3":1,"4":1,"5":1,"6":1},"f":{},"b":{},"_coverageSchema":"1a1c01bbd47fc00a2c39e90264f33305004495a9","hash":"889199373dee8df73dc4fbfe001e5e9680131712"}
}
