TN:
SF:src/astar.js
FN:3,reconstructPath
FN:22,aStar
FN:30,(anonymous_2)
FN:31,(anonymous_3)
FN:32,(anonymous_4)
FN:44,(anonymous_5)
FNF:6
FNH:6
FNDA:14,reconstructPath
FNDA:14,aStar
FNDA:316,(anonymous_2)
FNDA:121,(anonymous_3)
FNDA:121,(anonymous_4)
FNDA:158,(anonymous_5)
DA:1,3
DA:4,14
DA:5,14
DA:6,35
DA:7,35
DA:9,14
DA:23,14
DA:24,14
DA:25,14
DA:26,14
DA:27,14
DA:28,14
DA:30,316
DA:31,121
DA:32,121
DA:34,14
DA:36,14
DA:37,61
DA:39,61
DA:40,14
DA:42,47
DA:44,47
DA:45,158
DA:46,158
DA:47,107
DA:48,107
DA:49,107
DA:50,107
DA:51,107
DA:57,0
DA:60,3
LF:31
LH:30
BRDA:30,0,0,209
BRDA:30,0,1,107
BRDA:31,1,0,121
BRDA:31,1,1,0
BRDA:39,2,0,14
BRDA:39,2,1,47
BRDA:46,3,0,107
BRDA:46,3,1,51
BRDA:50,4,0,107
BRDA:50,4,1,0
BRF:10
BRH:8
end_of_record
TN:
SF:src/battlesnake_astar.js
FN:4,matrixNeighbors
FN:7,neighbors
FN:15,(anonymous_2)
FN:32,moveFromTo
FN:41,coordsToMoves
FN:57,bsAStar
FN:63,(anonymous_6)
FN:67,(anonymous_7)
FN:70,(anonymous_8)
FNF:9
FNH:9
FNDA:12,matrixNeighbors
FNDA:44,neighbors
FNDA:176,(anonymous_2)
FNDA:37,moveFromTo
FNDA:13,coordsToMoves
FNDA:12,bsAStar
FNDA:114,(anonymous_6)
FNDA:152,(anonymous_7)
FNDA:45,(anonymous_8)
DA:1,2
DA:2,2
DA:8,44
DA:9,44
DA:10,44
DA:16,176
DA:23,152
DA:26,44
DA:29,12
DA:33,37
DA:34,37
DA:35,37
DA:36,26
DA:37,20
DA:38,1
DA:42,13
DA:43,13
DA:44,37
DA:46,13
DA:58,12
DA:60,12
DA:61,12
DA:63,12
DA:64,114
DA:65,12
DA:67,152
DA:69,12
DA:70,45
DA:73,2
LF:29
LH:29
BRDA:16,0,0,152
BRDA:16,0,1,24
BRDA:17,1,0,176
BRDA:17,1,1,172
BRDA:17,1,2,167
BRDA:17,1,3,165
BRDA:17,1,4,160
BRDA:35,2,0,11
BRDA:35,2,1,26
BRDA:36,3,0,6
BRDA:36,3,1,20
BRDA:37,4,0,19
BRDA:37,4,1,1
BRF:13
BRH:13
end_of_record
TN:
SF:src/bitmatrix.js
FN:2,(anonymous_0)
FN:8,(anonymous_1)
FN:14,(anonymous_2)
FN:20,(anonymous_3)
FN:25,(anonymous_4)
FN:30,(anonymous_5)
FN:35,(anonymous_6)
FNF:7
FNH:6
FNDA:654731,(anonymous_0)
FNDA:846071,(anonymous_1)
FNDA:0,(anonymous_2)
FNDA:381,(anonymous_3)
FNDA:586454,(anonymous_4)
FNDA:644534,(anonymous_5)
FNDA:9,(anonymous_6)
DA:3,654731
DA:4,654731
DA:5,654731
DA:9,846071
DA:10,846071
DA:11,846071
DA:15,0
DA:16,0
DA:17,0
DA:21,381
DA:22,381
DA:26,586454
DA:27,586454
DA:31,644534
DA:32,644534
DA:36,9
DA:37,9
DA:38,57
DA:39,381
DA:41,57
DA:43,9
DA:48,3
LF:22
LH:19
BRDA:2,0,0,654727
BRDA:39,1,0,71
BRDA:39,1,1,310
BRF:3
BRH:3
end_of_record
TN:
SF:src/boardfill.js
FN:5,(anonymous_0)
FN:13,(anonymous_1)
FN:25,(anonymous_2)
FN:30,(anonymous_3)
FN:34,(anonymous_4)
FN:38,(anonymous_5)
FN:43,getFloodFillSquares
FNF:7
FNH:7
FNDA:8078,(anonymous_0)
FNDA:785750,(anonymous_1)
FNDA:194418,(anonymous_2)
FNDA:586084,(anonymous_3)
FNDA:8078,(anonymous_4)
FNDA:8078,(anonymous_5)
FNDA:8074,getFloodFillSquares
DA:1,2
DA:2,2
DA:6,8078
DA:7,8078
DA:8,8078
DA:9,8078
DA:10,8078
DA:14,785750
DA:15,785750
DA:16,785750
DA:26,194418
DA:27,194418
DA:31,586084
DA:35,8078
DA:39,8078
DA:44,8074
DA:45,8074
DA:46,8074
DA:47,8074
DA:50,2
LF:20
LH:20
BRDA:17,0,0,785750
BRDA:17,0,1,746196
BRDA:17,0,2,707280
BRDA:17,0,3,667606
BRDA:17,0,4,629481
BRF:5
BRH:5
end_of_record
TN:
SF:src/bs_info.js
FN:3,setSnakeColor
FN:7,info
FN:20,start
FN:24,end
FNF:4
FNH:3
FNDA:0,setSnakeColor
FNDA:1,info
FNDA:1,start
FNDA:1,end
DA:4,0
DA:8,1
DA:9,1
DA:17,1
DA:21,1
DA:25,1
DA:28,1
LF:7
LH:6
BRDA:12,0,0,1
BRDA:12,0,1,1
BRF:2
BRH:2
end_of_record
TN:
SF:src/floodfill.js
FN:2,(anonymous_0)
FN:6,(anonymous_1)
FNF:2
FNH:2
FNDA:8078,(anonymous_0)
FNDA:785750,(anonymous_1)
DA:3,8078
DA:7,785750
DA:8,586084
DA:9,194418
DA:11,194418
DA:12,194418
DA:13,194418
DA:14,194418
DA:19,2
LF:9
LH:9
BRDA:7,0,0,199666
BRDA:7,0,1,586084
BRDA:8,1,0,391666
BRDA:8,1,1,194418
BRF:4
BRH:4
end_of_record
TN:
SF:src/logic.js
FN:23,collideSquare
FN:30,avoidLongerHeads
FN:40,(anonymous_2)
FN:41,(anonymous_3)
FN:54,moveTowardsTarget
FN:69,isEmpty
FN:81,getSnakePossibleMoves
FN:93,getMyPossibleMoves
FN:97,squareAfterMove
FN:120,applyMoveToSnake
FN:125,(anonymous_10)
FN:133,applyMove
FN:137,(anonymous_12)
FN:142,(anonymous_13)
FN:148,(anonymous_14)
FN:176,(anonymous_15)
FN:200,getMinMaxFloodFill
FN:202,(anonymous_17)
FN:261,getSquaresCountPerMove
FN:272,(anonymous_19)
FN:273,(anonymous_20)
FN:286,getPossibleMovesFloodFill
FN:320,(anonymous_22)
FN:326,(anonymous_23)
FN:341,(anonymous_24)
FN:352,(anonymous_25)
FN:360,pickMove
FN:363,(anonymous_27)
FN:365,(anonymous_28)
FN:368,(anonymous_29)
FN:370,(anonymous_30)
FN:378,closerFoodAndDistance
FN:383,(anonymous_32)
FN:385,(anonymous_33)
FN:391,pathToFoodAStar
FN:398,minFoodDistanceFromLongerOrSameSnakes
FN:400,(anonymous_36)
FN:401,(anonymous_37)
FN:403,(anonymous_38)
FN:414,distanceOfPath
FN:419,movesTowardsClosestFood
FN:438,(anonymous_41)
FN:439,(anonymous_42)
FN:442,(anonymous_43)
FN:479,blockFilled
FN:488,getDeadlyMoveToSnake
FN:555,getDeadlyMove
FN:557,(anonymous_47)
FN:573,detectDeadlyMove
FN:575,(anonymous_49)
FN:600,preprocess
FN:610,(anonymous_51)
FN:611,(anonymous_52)
FN:625,resetPreviousDeadlyMove
FN:629,isFood
FN:630,(anonymous_55)
FN:633,move
FN:648,(anonymous_57)
FN:652,(anonymous_58)
FN:657,(anonymous_59)
FN:675,(anonymous_60)
FN:679,(anonymous_61)
FN:691,(anonymous_62)
FNF:63
FNH:61
FNDA:176,collideSquare
FNDA:149,avoidLongerHeads
FNDA:225,(anonymous_2)
FNDA:44,(anonymous_3)
FNDA:32,moveTowardsTarget
FNDA:18716,isEmpty
FNDA:4703,getSnakePossibleMoves
FNDA:2247,getMyPossibleMoves
FNDA:29334,squareAfterMove
FNDA:2978,applyMoveToSnake
FNDA:26,(anonymous_10)
FNDA:1953,applyMove
FNDA:130059,(anonymous_12)
FNDA:3008,(anonymous_13)
FNDA:3008,(anonymous_14)
FNDA:286,(anonymous_15)
FNDA:5549,getMinMaxFloodFill
FNDA:8035,(anonymous_17)
FNDA:2095,getSquaresCountPerMove
FNDA:8035,(anonymous_19)
FNDA:2486,(anonymous_20)
FNDA:152,getPossibleMovesFloodFill
FNDA:70,(anonymous_22)
FNDA:106,(anonymous_23)
FNDA:464,(anonymous_24)
FNDA:0,(anonymous_25)
FNDA:127,pickMove
FNDA:148,(anonymous_27)
FNDA:110,(anonymous_28)
FNDA:137,(anonymous_29)
FNDA:90,(anonymous_30)
FNDA:149,closerFoodAndDistance
FNDA:4,(anonymous_32)
FNDA:4,(anonymous_33)
FNDA:11,pathToFoodAStar
FNDA:5,minFoodDistanceFromLongerOrSameSnakes
FNDA:8,(anonymous_36)
FNDA:2,(anonymous_37)
FNDA:2,(anonymous_38)
FNDA:7,distanceOfPath
FNDA:149,movesTowardsClosestFood
FNDA:225,(anonymous_41)
FNDA:76,(anonymous_42)
FNDA:5,(anonymous_43)
FNDA:90,blockFilled
FNDA:152,getDeadlyMoveToSnake
FNDA:149,getDeadlyMove
FNDA:225,(anonymous_47)
FNDA:149,detectDeadlyMove
FNDA:225,(anonymous_49)
FNDA:2114,preprocess
FNDA:3253,(anonymous_51)
FNDA:3227,(anonymous_52)
FNDA:30,resetPreviousDeadlyMove
FNDA:2979,isFood
FNDA:537,(anonymous_55)
FNDA:149,move
FNDA:225,(anonymous_57)
FNDA:76,(anonymous_58)
FNDA:596,(anonymous_59)
FNDA:0,(anonymous_60)
FNDA:128,(anonymous_61)
FNDA:596,(anonymous_62)
DA:1,1
DA:2,1
DA:3,1
DA:4,1
DA:5,1
DA:7,1
DA:21,1
DA:24,176
DA:25,176
DA:26,176
DA:27,176
DA:31,149
DA:37,149
DA:39,149
DA:40,225
DA:41,44
DA:43,149
DA:44,44
DA:45,44
DA:46,44
DA:47,44
DA:48,44
DA:49,44
DA:51,149
DA:55,32
DA:61,32
DA:62,32
DA:63,32
DA:64,32
DA:66,32
DA:70,18716
DA:71,18716
DA:72,18716
DA:82,4703
DA:94,2247
DA:98,29334
DA:99,29334
DA:101,29334
DA:103,7522
DA:104,7522
DA:106,7346
DA:107,7346
DA:109,7093
DA:110,7093
DA:112,7373
DA:113,7373
DA:117,29334
DA:121,2978
DA:122,2962
DA:125,16
DA:126,26
DA:129,2978
DA:130,2978
DA:134,1953
DA:137,130059
DA:141,1953
DA:142,3008
DA:145,1953
DA:147,1953
DA:148,3008
DA:150,1953
DA:151,1025
DA:155,1953
DA:156,1055
DA:157,1085
DA:158,18
DA:159,8
DA:161,18
DA:162,18
DA:168,1953
DA:169,1953
DA:170,1953
DA:171,1953
DA:175,1953
DA:176,1953
DA:177,286
DA:180,1953
DA:182,1953
DA:190,1953
DA:201,5549
DA:202,8035
DA:205,5549
DA:206,2456
DA:207,2456
DA:209,2456
DA:210,2456
DA:212,2456
DA:213,1863
DA:215,1863
DA:216,1863
DA:217,4046
DA:218,4046
DA:220,1863
DA:222,1863
DA:226,593
DA:232,593
DA:233,1023
DA:235,1023
DA:236,1023
DA:237,1015
DA:240,1015
DA:242,8
DA:246,593
DA:249,3093
DA:250,2165
DA:253,928
DA:255,928
DA:256,928
DA:258,928
DA:262,2095
DA:263,2095
DA:265,2095
DA:267,2095
DA:268,2095
DA:269,5549
DA:271,5549
DA:272,8035
DA:273,2486
DA:275,5549
DA:280,5549
DA:283,2095
DA:289,152
DA:297,152
DA:298,152
DA:300,152
DA:302,152
DA:303,49
DA:304,49
DA:306,49
DA:307,49
DA:313,49
DA:314,49
DA:316,49
DA:317,36
DA:318,36
DA:320,70
DA:325,36
DA:326,106
DA:333,36
DA:334,36
DA:335,36
DA:341,116
DA:342,464
DA:348,116
DA:352,10
DA:353,0
DA:355,10
DA:357,116
DA:361,127
DA:362,127
DA:363,148
DA:365,110
DA:367,127
DA:368,137
DA:370,90
DA:372,127
DA:373,107
DA:375,20
DA:379,149
DA:380,146
DA:383,4
DA:385,4
DA:386,3
DA:387,3
DA:388,3
DA:393,11
DA:395,11
DA:399,5
DA:400,8
DA:401,2
DA:402,5
DA:404,2
DA:415,7
DA:416,7
DA:422,149
DA:429,149
DA:430,149
DA:432,149
DA:433,149
DA:434,149
DA:436,149
DA:437,149
DA:438,225
DA:439,76
DA:441,149
DA:443,5
DA:448,149
DA:458,149
DA:464,0
DA:471,149
DA:473,3
DA:476,149
DA:480,90
DA:481,150
DA:482,210
DA:485,32
DA:489,152
DA:490,152
DA:491,152
DA:492,152
DA:493,152
DA:513,12
DA:514,2
DA:515,2
DA:517,10
DA:518,10
DA:519,10
DA:522,140
DA:542,20
DA:543,10
DA:544,10
DA:546,10
DA:547,10
DA:548,10
DA:552,120
DA:556,149
DA:557,225
DA:559,149
DA:561,149
DA:562,76
DA:567,76
DA:570,118
DA:574,149
DA:575,225
DA:577,149
DA:579,149
DA:580,76
DA:585,76
DA:586,1
DA:589,1
DA:592,0
DA:597,148
DA:601,2114
DA:605,2114
DA:606,2000
DA:609,2114
DA:610,3253
DA:615,3227
DA:616,5119
DA:623,1
DA:626,30
DA:630,2979
DA:634,149
DA:635,149
DA:637,149
DA:638,149
DA:646,149
DA:647,149
DA:648,225
DA:650,149
DA:652,149
DA:654,149
DA:656,149
DA:658,596
DA:662,149
DA:666,149
DA:667,149
DA:668,149
DA:669,149
DA:671,149
DA:672,32
DA:675,32
DA:676,32
DA:677,32
DA:678,32
DA:680,128
DA:687,149
DA:690,149
DA:692,596
DA:697,149
DA:698,149
DA:699,149
DA:700,149
DA:701,149
DA:703,149
DA:704,149
DA:705,149
DA:707,149
DA:708,149
DA:711,149
DA:712,149
DA:714,149
DA:715,27
DA:716,27
DA:718,122
DA:721,149
DA:722,1
DA:723,1
DA:724,148
DA:725,31
DA:726,31
DA:727,31
DA:728,117
DA:732,3
DA:733,114
DA:734,0
DA:735,114
DA:736,0
DA:738,114
DA:741,149
DA:742,10
DA:743,10
DA:746,149
DA:750,149
DA:751,149
DA:754,1
LF:306
LH:301
BRDA:24,0,0,12
BRDA:24,0,1,164
BRDA:24,1,0,176
BRDA:24,1,1,34
BRDA:25,2,0,0
BRDA:25,2,1,176
BRDA:25,3,0,176
BRDA:25,3,1,30
BRDA:26,4,0,10
BRDA:26,4,1,166
BRDA:26,5,0,176
BRDA:26,5,1,41
BRDA:27,6,0,1
BRDA:27,6,1,175
BRDA:27,7,0,176
BRDA:27,7,1,41
BRDA:40,8,0,225
BRDA:40,8,1,76
BRDA:61,9,0,11
BRDA:61,9,1,21
BRDA:62,10,0,21
BRDA:62,10,1,11
BRDA:63,11,0,10
BRDA:63,11,1,22
BRDA:64,12,0,21
BRDA:64,12,1,11
BRDA:73,13,0,18716
BRDA:73,13,1,18055
BRDA:73,13,2,16876
BRDA:73,13,3,16299
BRDA:73,13,4,15053
BRDA:83,14,0,4703
BRDA:83,14,1,4679
BRDA:85,15,0,4703
BRDA:85,15,1,4679
BRDA:87,16,0,4703
BRDA:87,16,1,4679
BRDA:89,17,0,4703
BRDA:89,17,1,4679
BRDA:101,18,0,7522
BRDA:101,18,1,7346
BRDA:101,18,2,7093
BRDA:101,18,3,7373
BRDA:101,18,4,0
BRDA:121,19,0,2962
BRDA:121,19,1,16
BRDA:133,20,0,928
BRDA:137,21,0,1953
BRDA:137,21,1,128106
BRDA:157,22,0,18
BRDA:157,22,1,1067
BRDA:158,23,0,8
BRDA:158,23,1,10
BRDA:161,24,0,18
BRDA:161,24,1,0
BRDA:169,25,0,1953
BRDA:169,25,1,0
BRDA:177,26,0,271
BRDA:177,26,1,15
BRDA:200,27,0,0
BRDA:205,28,0,2456
BRDA:205,28,1,3093
BRDA:212,29,0,1863
BRDA:212,29,1,593
BRDA:221,30,0,1840
BRDA:221,30,1,23
BRDA:236,31,0,1015
BRDA:236,31,1,8
BRDA:249,32,0,2165
BRDA:249,32,1,928
BRDA:302,33,0,49
BRDA:302,33,1,103
BRDA:307,34,0,49
BRDA:307,34,1,0
BRDA:316,35,0,36
BRDA:316,35,1,13
BRDA:343,36,0,464
BRDA:343,36,1,268
BRDA:348,37,0,10
BRDA:348,37,1,106
BRDA:349,38,0,116
BRDA:349,38,1,10
BRDA:353,39,0,0
BRDA:353,39,1,0
BRDA:362,40,0,77
BRDA:362,40,1,50
BRDA:367,41,0,77
BRDA:367,41,1,50
BRDA:372,42,0,107
BRDA:372,42,1,20
BRDA:379,43,0,146
BRDA:379,43,1,3
BRDA:387,44,0,0
BRDA:387,44,1,3
BRDA:400,45,0,8
BRDA:400,45,1,3
BRDA:415,46,0,0
BRDA:415,46,1,7
BRDA:436,47,0,149
BRDA:436,47,1,0
BRDA:471,48,0,3
BRDA:471,48,1,146
BRDA:482,49,0,58
BRDA:482,49,1,152
BRDA:493,50,0,12
BRDA:493,50,1,140
BRDA:494,51,0,152
BRDA:494,51,1,25
BRDA:494,51,2,12
BRDA:494,51,3,140
BRDA:494,51,4,25
BRDA:494,51,5,0
BRDA:513,52,0,2
BRDA:513,52,1,10
BRDA:514,53,0,2
BRDA:514,53,1,0
BRDA:517,54,0,10
BRDA:517,54,1,0
BRDA:518,55,0,10
BRDA:518,55,1,0
BRDA:522,56,0,20
BRDA:522,56,1,120
BRDA:523,57,0,140
BRDA:523,57,1,20
BRDA:523,57,2,20
BRDA:523,57,3,120
BRDA:523,57,4,20
BRDA:523,57,5,0
BRDA:542,58,0,10
BRDA:542,58,1,10
BRDA:543,59,0,10
BRDA:543,59,1,0
BRDA:546,60,0,10
BRDA:546,60,1,0
BRDA:547,61,0,10
BRDA:547,61,1,0
BRDA:567,62,0,31
BRDA:567,62,1,45
BRDA:585,63,0,1
BRDA:585,63,1,75
BRDA:586,64,0,0
BRDA:586,64,1,1
BRDA:586,64,2,0
BRDA:586,64,3,0
BRDA:589,65,0,0
BRDA:589,65,1,1
BRDA:592,66,0,0
BRDA:592,66,1,0
BRDA:658,67,0,596
BRDA:658,67,1,288
BRDA:662,68,0,139
BRDA:662,68,1,10
BRDA:666,69,0,149
BRDA:666,69,1,56
BRDA:671,70,0,32
BRDA:671,70,1,117
BRDA:680,71,0,128
BRDA:680,71,1,34
BRDA:680,71,2,34
BRDA:692,72,0,596
BRDA:692,72,1,288
BRDA:692,72,2,3
BRDA:707,73,0,149
BRDA:707,73,1,0
BRDA:711,74,0,149
BRDA:711,74,1,0
BRDA:714,75,0,27
BRDA:714,75,1,122
BRDA:714,76,0,149
BRDA:714,76,1,27
BRDA:721,77,0,1
BRDA:721,77,1,148
BRDA:721,78,0,149
BRDA:721,78,1,1
BRDA:724,79,0,31
BRDA:724,79,1,117
BRDA:724,80,0,148
BRDA:724,80,1,31
BRDA:728,81,0,3
BRDA:728,81,1,114
BRDA:729,82,0,117
BRDA:729,82,1,3
BRDA:733,83,0,0
BRDA:733,83,1,114
BRDA:733,84,0,114
BRDA:733,84,1,0
BRDA:735,85,0,0
BRDA:735,85,1,114
BRDA:741,86,0,10
BRDA:741,86,1,139
BRF:190
BRH:160
end_of_record
TN:
SF:src/priorityqueue.js
FN:2,(anonymous_0)
FN:6,(anonymous_1)
FN:10,(anonymous_2)
FN:25,(anonymous_3)
FN:31,(anonymous_4)
FN:37,(anonymous_5)
FN:38,(anonymous_6)
FNF:7
FNH:7
FNDA:16,(anonymous_0)
FNDA:65,(anonymous_1)
FNDA:122,(anonymous_2)
FNDA:48,(anonymous_3)
FNDA:62,(anonymous_4)
FNDA:108,(anonymous_5)
FNDA:348,(anonymous_6)
DA:3,16
DA:7,65
DA:11,122
DA:12,122
DA:13,122
DA:14,260
DA:15,34
DA:16,34
DA:17,34
DA:20,122
DA:21,88
DA:26,48
DA:27,48
DA:32,62
DA:33,62
DA:38,348
DA:42,4
LF:17
LH:17
BRDA:14,0,0,34
BRDA:14,0,1,226
BRDA:20,1,0,88
BRDA:20,1,1,34
BRDA:26,2,0,48
BRDA:26,2,1,0
BRDA:32,3,0,62
BRDA:32,3,1,0
BRF:8
BRH:6
end_of_record
TN:
SF:src/process_ffdata.js
FN:3,processMyFill
FN:7,processOppFill
FN:11,processFill
FN:15,(anonymous_3)
FN:22,processMyMove
FN:25,(anonymous_5)
FN:38,(anonymous_6)
FN:43,processOppMove
FN:48,(anonymous_8)
FNF:9
FNH:9
FNDA:158,processMyFill
FNDA:52,processOppFill
FNDA:210,processFill
FNDA:536,(anonymous_3)
FNDA:5482,processMyMove
FNDA:7968,(anonymous_5)
FNDA:2204,(anonymous_6)
FNDA:2204,processOppMove
FNDA:4946,(anonymous_8)
DA:1,2
DA:4,158
DA:8,52
DA:12,210
DA:13,210
DA:15,210
DA:16,536
DA:19,210
DA:24,5482
DA:25,7968
DA:26,3984
DA:29,1498
DA:30,238
DA:33,1260
DA:34,1260
DA:35,92
DA:38,2204
DA:40,1168
DA:44,2204
DA:45,2204
DA:46,102
DA:48,4946
DA:50,2102
DA:54,2
LF:24
LH:24
BRDA:24,0,0,3984
BRDA:24,0,1,1498
BRDA:26,1,0,2052
BRDA:26,1,1,1932
BRDA:29,2,0,238
BRDA:29,2,1,1260
BRDA:34,3,0,92
BRDA:34,3,1,1168
BRDA:35,4,0,46
BRDA:35,4,1,46
BRDA:40,5,0,598
BRDA:40,5,1,570
BRDA:45,6,0,102
BRDA:45,6,1,2102
BRDA:46,7,0,53
BRDA:46,7,1,49
BRDA:50,8,0,1085
BRDA:50,8,1,1017
BRF:18
BRH:18
end_of_record
TN:
SF:src/util.js
FN:1,distance
FN:5,coordToIndex
FN:9,indexToCoord
FN:15,getTrueKeys
FN:16,(anonymous_4)
FN:19,isEqual
FNF:6
FNH:6
FNDA:152,distance
FNDA:185,coordToIndex
FNDA:332,indexToCoord
FNDA:4826,getTrueKeys
FNDA:19304,(anonymous_4)
FNDA:1648,isEqual
DA:2,152
DA:6,185
DA:10,332
DA:11,332
DA:12,332
DA:16,19304
DA:20,1648
DA:23,3
LF:8
LH:8
BRDA:20,0,0,1648
BRDA:20,0,1,310
BRF:2
BRH:2
end_of_record
TN:
SF:test/test_json.js
FNF:0
FNH:0
DA:1,1
DA:586,1
DA:680,1
DA:812,1
DA:914,1
DA:1004,1
DA:1246,1
LF:7
LH:7
BRF:0
BRH:0
end_of_record
